8.9736 	WARNING 	User requested fullscreen with size [1024  768], but screen is actually [1440, 900]. Using actual size
10.1102 	WARNING 	Couldn't measure a consistent frame rate!
  - Is your graphics card set to sync to vertical blank?
  - Are you running other processes on your computer?

10.1112 	EXP 	Created window1 = Window(allowGUI=True, allowStencil=False, autoLog=True, backendConf=UNKNOWN, backgroundFit=<method-wrapper '__getattribute__' of attributeSetter object at 0x7fcc9bd1a1c0>, backgroundImage=<method-wrapper '__getattribute__' of attributeSetter object at 0x7fcc9bd1a160>, bitsMode=UNKNOWN, blendMode='avg', bpc=(8, 8, 8), color=array([0, 0, 0]), colorSpace='rgb', depthBits=8, fullscr=<method-wrapper '__getattribute__' of attributeSetter object at 0x7fcc9be0efa0>, gamma=None, gammaErrorPolicy='raise', lms=UNKNOWN, monitor=<psychopy.monitors.calibTools.Monitor object at 0x7fcc99c006a0>, multiSample=False, name='window1', numSamples=2, pos=[360.0, 225.0], screen=0, size=array([2880, 1800]), stencilBits=0, stereo=False, units='height', useFBO=True, useRetina=True, viewOri=0.0, viewPos=None, viewScale=None, waitBlanking=True, winType='pyglet')
10.1116 	EXP 	window1: mouseVisible = True
10.1116 	EXP 	window1: backgroundImage = ''
10.1117 	EXP 	window1: backgroundFit = 'none'
10.1129 	EXP 	window1: mouseVisible = False
10.1129 	EXP 	window1: Attempting to measure frame rate of screen (0) ...
10.1130 	EXP 	window1: recordFrameIntervals = False
10.1937 	EXP 	window1: recordFrameIntervals = True
11.0273 	WARNING 	Couldn't measure a consistent frame rate!
  - Is your graphics card set to sync to vertical blank?
  - Are you running other processes on your computer?

12.7944 	EXP 	Created Fixation = ShapeStim(__class__=<class 'psychopy.visual.shape.ShapeStim'>, anchor=('center', 'center'), autoDraw=False, autoLog=True, closeShape=True, color=method-wrapper(...), colorSpace='rgb', contrast=None, depth=0.0, fillColor=array([1, 1, 1]), fillColorSpace='rgb', fillRGB=array([1, 1, 1]), interpolate=True, lineColor=array([1., 1., 1.]), lineColorSpace='rgb', lineRGB=array([1, 1, 1]), lineWidth=1.0, name='Fixation', opacity=1.0, ori=0.0, pos=array([0., 0.]), size=array([0.05, 0.05]), units='height', vertices=ndarray(...), win=Window(...), windingRule=None)
12.7995 	EXP 	Created text = TextStim(__class__=<class 'psychopy.visual.text.TextStim'>, alignHoriz=method-wrapper(...), alignText='center', alignVert=method-wrapper(...), anchorHoriz='center', anchorVert='center', antialias=True, autoDraw=False, autoLog=True, bold=False, color=array([1., 1., 1.]), colorSpace='rgb', contrast=1.0, depth=-1.0, flipHoriz=False, flipVert=False, font='Open Sans', fontFiles=[], height=0.05, italic=False, languageStyle='LTR', name='text', opacity=1.0, ori=0.0, pos=array([0., 0.]), rgb=UNKNOWN, text='', units='height', win=Window(...), wrapWidth=1)
12.8102 	EXP 	Imported delay_discounting_conditions.xlsx as conditions, 100 conditions, 3 params
12.8115 	EXP 	Created sequence: random, trialTypes=100, nReps=1, seed=None
12.8117 	EXP 	New trial (rep=0, index=0): {'reward_today': 10, 'future_reward': 77, 'delay': 19}
12.8444 	WARNING 	t of last frame was 1817.56ms (=1/0)
12.8444 	EXP 	text: height = 0.05
12.8444 	EXP 	text: height = 0.05
12.8444 	EXP 	text: height = 0.05
12.8444 	EXP 	text: text = 'GBP 10 today or GBP 77 after 19 days'
12.8444 	EXP 	Fixation: autoDraw = True
13.7938 	EXP 	text: autoDraw = True
13.8432 	EXP 	Fixation: autoDraw = False
14.7796 	EXP 	New trial (rep=0, index=1): {'reward_today': 35, 'future_reward': 72, 'delay': 49}
14.7952 	DATA 	Keypress: l
14.8012 	WARNING 	t of last frame was 58.23ms (=1/17)
14.8012 	EXP 	Fixation: autoDraw = False
14.8012 	EXP 	text: autoDraw = False
14.8012 	EXP 	text: height = 0.05
14.8012 	EXP 	text: height = 0.05
14.8012 	EXP 	text: height = 0.05
14.8012 	EXP 	text: text = 'GBP 35 today or GBP 72 after 49 days'
14.8012 	EXP 	Fixation: autoDraw = True
15.7762 	EXP 	text: autoDraw = True
15.7929 	EXP 	Fixation: autoDraw = False
16.5617 	EXP 	New trial (rep=0, index=2): {'reward_today': 44, 'future_reward': 76, 'delay': 95}
16.5792 	DATA 	Keypress: l
16.5842 	WARNING 	t of last frame was 24.17ms (=1/41)
16.5842 	EXP 	Fixation: autoDraw = False
16.5842 	EXP 	text: autoDraw = False
16.5842 	EXP 	text: height = 0.05
16.5842 	EXP 	text: height = 0.05
16.5842 	EXP 	text: height = 0.05
16.5842 	EXP 	text: text = 'GBP 44 today or GBP 76 after 95 days'
16.5842 	EXP 	Fixation: autoDraw = True
17.5597 	EXP 	text: autoDraw = True
17.5763 	EXP 	Fixation: autoDraw = False
17.9949 	EXP 	New trial (rep=0, index=3): {'reward_today': 17, 'future_reward': 86, 'delay': 18}
18.0061 	DATA 	Keypress: t
18.0112 	EXP 	Fixation: autoDraw = False
18.0112 	EXP 	text: autoDraw = False
18.0112 	EXP 	text: height = 0.05
18.0112 	EXP 	text: height = 0.05
18.0112 	EXP 	text: height = 0.05
18.0112 	EXP 	text: text = 'GBP 17 today or GBP 86 after 18 days'
18.0112 	EXP 	Fixation: autoDraw = True
18.9930 	EXP 	text: autoDraw = True
19.0097 	EXP 	Fixation: autoDraw = False
19.5450 	EXP 	New trial (rep=0, index=4): {'reward_today': 14, 'future_reward': 64, 'delay': 24}
19.5548 	DATA 	Keypress: l
19.5600 	EXP 	Fixation: autoDraw = False
19.5600 	EXP 	text: autoDraw = False
19.5600 	EXP 	text: height = 0.05
19.5600 	EXP 	text: height = 0.05
19.5600 	EXP 	text: height = 0.05
19.5600 	EXP 	text: text = 'GBP 14 today or GBP 64 after 24 days'
19.5600 	EXP 	Fixation: autoDraw = True
20.5431 	EXP 	text: autoDraw = True
20.5499 	EXP 	Fixation: autoDraw = False
21.2016 	EXP 	New trial (rep=0, index=5): {'reward_today': 42, 'future_reward': 72, 'delay': 98}
21.2113 	DATA 	Keypress: t
21.2159 	EXP 	Fixation: autoDraw = False
21.2159 	EXP 	text: autoDraw = False
21.2159 	EXP 	text: height = 0.05
21.2159 	EXP 	text: height = 0.05
21.2159 	EXP 	text: height = 0.05
21.2159 	EXP 	text: text = 'GBP 42 today or GBP 72 after 98 days'
21.2159 	EXP 	Fixation: autoDraw = True
22.2026 	EXP 	text: autoDraw = True
22.2099 	EXP 	Fixation: autoDraw = False
22.8516 	EXP 	New trial (rep=0, index=6): {'reward_today': 43, 'future_reward': 87, 'delay': 70}
22.8616 	DATA 	Keypress: l
22.8666 	EXP 	Fixation: autoDraw = False
22.8666 	EXP 	text: autoDraw = False
22.8666 	EXP 	text: height = 0.05
22.8666 	EXP 	text: height = 0.05
22.8666 	EXP 	text: height = 0.05
22.8666 	EXP 	text: text = 'GBP 43 today or GBP 87 after 70 days'
22.8666 	EXP 	Fixation: autoDraw = True
23.8524 	EXP 	text: autoDraw = True
23.8593 	EXP 	Fixation: autoDraw = False
24.0621 	EXP 	New trial (rep=0, index=7): {'reward_today': 12, 'future_reward': 50, 'delay': 52}
24.0714 	DATA 	Keypress: l
24.0766 	EXP 	Fixation: autoDraw = False
24.0766 	EXP 	text: autoDraw = False
24.0766 	EXP 	text: height = 0.05
24.0766 	EXP 	text: height = 0.05
24.0766 	EXP 	text: height = 0.05
24.0766 	EXP 	text: text = 'GBP 12 today or GBP 50 after 52 days'
24.0766 	EXP 	Fixation: autoDraw = True
25.0599 	EXP 	text: autoDraw = True
25.0669 	EXP 	Fixation: autoDraw = False
25.3017 	EXP 	New trial (rep=0, index=8): {'reward_today': 23, 'future_reward': 81, 'delay': 80}
25.3106 	DATA 	Keypress: l
25.3152 	EXP 	Fixation: autoDraw = False
25.3152 	EXP 	text: autoDraw = False
25.3152 	EXP 	text: height = 0.05
25.3152 	EXP 	text: height = 0.05
25.3152 	EXP 	text: height = 0.05
25.3152 	EXP 	text: text = 'GBP 23 today or GBP 81 after 80 days'
25.3152 	EXP 	Fixation: autoDraw = True
26.2934 	EXP 	text: autoDraw = True
26.3100 	EXP 	Fixation: autoDraw = False
26.4952 	EXP 	New trial (rep=0, index=9): {'reward_today': 11, 'future_reward': 53, 'delay': 56}
26.5055 	DATA 	Keypress: t
26.5103 	EXP 	Fixation: autoDraw = False
26.5103 	EXP 	text: autoDraw = False
26.5103 	EXP 	text: height = 0.05
26.5103 	EXP 	text: height = 0.05
26.5103 	EXP 	text: height = 0.05
26.5103 	EXP 	text: text = 'GBP 11 today or GBP 53 after 56 days'
26.5103 	EXP 	Fixation: autoDraw = True
27.4932 	EXP 	text: autoDraw = True
27.5000 	EXP 	Fixation: autoDraw = False
27.7286 	EXP 	New trial (rep=0, index=10): {'reward_today': 30, 'future_reward': 77, 'delay': 57}
27.7388 	DATA 	Keypress: t
27.7440 	EXP 	Fixation: autoDraw = False
27.7440 	EXP 	text: autoDraw = False
27.7440 	EXP 	text: height = 0.05
27.7440 	EXP 	text: height = 0.05
27.7440 	EXP 	text: height = 0.05
27.7440 	EXP 	text: text = 'GBP 30 today or GBP 77 after 57 days'
27.7440 	EXP 	Fixation: autoDraw = True
28.7267 	EXP 	text: autoDraw = True
28.7341 	EXP 	Fixation: autoDraw = False
28.9289 	EXP 	New trial (rep=0, index=11): {'reward_today': 40, 'future_reward': 47, 'delay': 94}
28.9386 	DATA 	Keypress: l
28.9438 	EXP 	Fixation: autoDraw = False
28.9438 	EXP 	text: autoDraw = False
28.9438 	EXP 	text: height = 0.05
28.9438 	EXP 	text: height = 0.05
28.9438 	EXP 	text: height = 0.05
28.9438 	EXP 	text: text = 'GBP 40 today or GBP 47 after 94 days'
28.9438 	EXP 	Fixation: autoDraw = True
29.9267 	EXP 	text: autoDraw = True
29.9338 	EXP 	Fixation: autoDraw = False
30.2120 	EXP 	New trial (rep=0, index=12): {'reward_today': 13, 'future_reward': 88, 'delay': 47}
30.2226 	DATA 	Keypress: l
30.2278 	EXP 	Fixation: autoDraw = False
30.2278 	EXP 	text: autoDraw = False
30.2278 	EXP 	text: height = 0.05
30.2278 	EXP 	text: height = 0.05
30.2278 	EXP 	text: height = 0.05
30.2278 	EXP 	text: text = 'GBP 13 today or GBP 88 after 47 days'
30.2278 	EXP 	Fixation: autoDraw = True
31.2096 	EXP 	text: autoDraw = True
31.2269 	EXP 	Fixation: autoDraw = False
31.4453 	EXP 	New trial (rep=0, index=13): {'reward_today': 24, 'future_reward': 81, 'delay': 15}
31.4548 	DATA 	Keypress: l
31.4600 	EXP 	Fixation: autoDraw = False
31.4600 	EXP 	text: autoDraw = False
31.4600 	EXP 	text: height = 0.05
31.4600 	EXP 	text: height = 0.05
31.4600 	EXP 	text: height = 0.05
31.4600 	EXP 	text: text = 'GBP 24 today or GBP 81 after 15 days'
31.4600 	EXP 	Fixation: autoDraw = True
32.4365 	EXP 	text: autoDraw = True
32.4602 	WARNING 	t of last frame was 23.75ms (=1/42)
32.4774 	EXP 	Fixation: autoDraw = False
32.8689 	EXP 	New trial (rep=0, index=14): {'reward_today': 29, 'future_reward': 58, 'delay': 78}
32.8784 	DATA 	Keypress: t
32.8830 	EXP 	Fixation: autoDraw = False
32.8830 	EXP 	text: autoDraw = False
32.8830 	EXP 	text: height = 0.05
32.8830 	EXP 	text: height = 0.05
32.8830 	EXP 	text: height = 0.05
32.8830 	EXP 	text: text = 'GBP 29 today or GBP 58 after 78 days'
32.8830 	EXP 	Fixation: autoDraw = True
33.8699 	EXP 	text: autoDraw = True
33.8767 	EXP 	Fixation: autoDraw = False
34.0956 	EXP 	New trial (rep=0, index=15): {'reward_today': 28, 'future_reward': 32, 'delay': 43}
34.1047 	DATA 	Keypress: t
34.1099 	EXP 	Fixation: autoDraw = False
34.1099 	EXP 	text: autoDraw = False
34.1099 	EXP 	text: height = 0.05
34.1099 	EXP 	text: height = 0.05
34.1099 	EXP 	text: height = 0.05
34.1099 	EXP 	text: text = 'GBP 28 today or GBP 32 after 43 days'
34.1099 	EXP 	Fixation: autoDraw = True
35.0936 	EXP 	text: autoDraw = True
35.1006 	EXP 	Fixation: autoDraw = False
35.3195 	EXP 	New trial (rep=0, index=16): {'reward_today': 39, 'future_reward': 83, 'delay': 10}
35.3284 	DATA 	Keypress: t
35.3334 	EXP 	Fixation: autoDraw = False
35.3334 	EXP 	text: autoDraw = False
35.3334 	EXP 	text: height = 0.05
35.3334 	EXP 	text: height = 0.05
35.3334 	EXP 	text: height = 0.05
35.3334 	EXP 	text: text = 'GBP 39 today or GBP 83 after 10 days'
35.3334 	EXP 	Fixation: autoDraw = True
36.3195 	EXP 	text: autoDraw = True
36.3263 	EXP 	Fixation: autoDraw = False
36.9351 	EXP 	New trial (rep=0, index=17): {'reward_today': 28, 'future_reward': 50, 'delay': 94}
36.9454 	DATA 	Keypress: l
36.9501 	EXP 	Fixation: autoDraw = False
36.9501 	EXP 	text: autoDraw = False
36.9501 	EXP 	text: height = 0.05
36.9501 	EXP 	text: height = 0.05
36.9501 	EXP 	text: height = 0.05
36.9501 	EXP 	text: text = 'GBP 28 today or GBP 50 after 94 days'
36.9501 	EXP 	Fixation: autoDraw = True
37.9363 	EXP 	text: autoDraw = True
37.9431 	EXP 	Fixation: autoDraw = False
38.4188 	EXP 	New trial (rep=0, index=18): {'reward_today': 21, 'future_reward': 53, 'delay': 54}
38.4281 	DATA 	Keypress: t
38.4327 	EXP 	Fixation: autoDraw = False
38.4327 	EXP 	text: autoDraw = False
38.4327 	EXP 	text: height = 0.05
38.4327 	EXP 	text: height = 0.05
38.4327 	EXP 	text: height = 0.05
38.4327 	EXP 	text: text = 'GBP 21 today or GBP 53 after 54 days'
38.4327 	EXP 	Fixation: autoDraw = True
39.4196 	EXP 	text: autoDraw = True
39.4269 	EXP 	Fixation: autoDraw = False
39.7288 	EXP 	New trial (rep=0, index=19): {'reward_today': 40, 'future_reward': 51, 'delay': 76}
39.7392 	DATA 	Keypress: t
39.7444 	EXP 	Fixation: autoDraw = False
39.7444 	EXP 	text: autoDraw = False
39.7444 	EXP 	text: height = 0.05
39.7444 	EXP 	text: height = 0.05
39.7444 	EXP 	text: height = 0.05
39.7444 	EXP 	text: text = 'GBP 40 today or GBP 51 after 76 days'
39.7444 	EXP 	Fixation: autoDraw = True
40.2325 	DATA 	Keypress: t
40.7271 	EXP 	text: autoDraw = True
40.7342 	EXP 	Fixation: autoDraw = False
41.0460 	EXP 	New trial (rep=0, index=20): {'reward_today': 44, 'future_reward': 69, 'delay': 85}
41.0556 	DATA 	Keypress: t
41.0608 	EXP 	Fixation: autoDraw = False
41.0608 	EXP 	text: autoDraw = False
41.0608 	EXP 	text: height = 0.05
41.0608 	EXP 	text: height = 0.05
41.0608 	EXP 	text: height = 0.05
41.0608 	EXP 	text: text = 'GBP 44 today or GBP 69 after 85 days'
41.0608 	EXP 	Fixation: autoDraw = True
42.0440 	EXP 	text: autoDraw = True
42.0506 	EXP 	Fixation: autoDraw = False
42.2792 	EXP 	New trial (rep=0, index=21): {'reward_today': 26, 'future_reward': 42, 'delay': 38}
42.2889 	DATA 	Keypress: t
42.2939 	EXP 	Fixation: autoDraw = False
42.2939 	EXP 	text: autoDraw = False
42.2939 	EXP 	text: height = 0.05
42.2939 	EXP 	text: height = 0.05
42.2939 	EXP 	text: height = 0.05
42.2939 	EXP 	text: text = 'GBP 26 today or GBP 42 after 38 days'
42.2939 	EXP 	Fixation: autoDraw = True
43.2772 	EXP 	text: autoDraw = True
43.2838 	EXP 	Fixation: autoDraw = False
43.5127 	EXP 	New trial (rep=0, index=22): {'reward_today': 22, 'future_reward': 60, 'delay': 46}
43.5227 	DATA 	Keypress: t
43.5278 	EXP 	Fixation: autoDraw = False
43.5278 	EXP 	text: autoDraw = False
43.5278 	EXP 	text: height = 0.05
43.5278 	EXP 	text: height = 0.05
43.5278 	EXP 	text: height = 0.05
43.5278 	EXP 	text: text = 'GBP 22 today or GBP 60 after 46 days'
43.5278 	EXP 	Fixation: autoDraw = True
44.4543 	DATA 	Keypress: t
44.5105 	EXP 	text: autoDraw = True
44.5173 	EXP 	Fixation: autoDraw = False
44.9022 	EXP 	New trial (rep=0, index=23): {'reward_today': 18, 'future_reward': 20, 'delay': 44}
44.9114 	DATA 	Keypress: t
44.9159 	EXP 	Fixation: autoDraw = False
44.9159 	EXP 	text: autoDraw = False
44.9159 	EXP 	text: height = 0.05
44.9159 	EXP 	text: height = 0.05
44.9159 	EXP 	text: height = 0.05
44.9159 	EXP 	text: text = 'GBP 18 today or GBP 20 after 44 days'
44.9159 	EXP 	Fixation: autoDraw = True
45.8941 	EXP 	text: autoDraw = True
45.9106 	EXP 	Fixation: autoDraw = False
46.1465 	EXP 	New trial (rep=0, index=24): {'reward_today': 45, 'future_reward': 79, 'delay': 50}
46.1560 	DATA 	Keypress: l
46.1612 	EXP 	Fixation: autoDraw = False
46.1612 	EXP 	text: autoDraw = False
46.1612 	EXP 	text: height = 0.05
46.1612 	EXP 	text: height = 0.05
46.1612 	EXP 	text: height = 0.05
46.1612 	EXP 	text: text = 'GBP 45 today or GBP 79 after 50 days'
46.1612 	EXP 	Fixation: autoDraw = True
46.9054 	DATA 	Keypress: l
47.1440 	EXP 	text: autoDraw = True
47.1508 	EXP 	Fixation: autoDraw = False
48.0460 	EXP 	New trial (rep=0, index=25): {'reward_today': 15, 'future_reward': 55, 'delay': 56}
48.0563 	DATA 	Keypress: l
48.0613 	EXP 	Fixation: autoDraw = False
48.0613 	EXP 	text: autoDraw = False
48.0613 	EXP 	text: height = 0.05
48.0613 	EXP 	text: height = 0.05
48.0613 	EXP 	text: height = 0.05
48.0613 	EXP 	text: text = 'GBP 15 today or GBP 55 after 56 days'
48.0613 	EXP 	Fixation: autoDraw = True
49.0441 	EXP 	text: autoDraw = True
49.0508 	EXP 	Fixation: autoDraw = False
49.6794 	EXP 	New trial (rep=0, index=26): {'reward_today': 48, 'future_reward': 62, 'delay': 12}
49.6888 	DATA 	Keypress: t
49.6940 	EXP 	Fixation: autoDraw = False
49.6940 	EXP 	text: autoDraw = False
49.6940 	EXP 	text: height = 0.05
49.6940 	EXP 	text: height = 0.05
49.6940 	EXP 	text: height = 0.05
49.6940 	EXP 	text: text = 'GBP 48 today or GBP 62 after 12 days'
49.6940 	EXP 	Fixation: autoDraw = True
50.6774 	EXP 	text: autoDraw = True
50.6841 	EXP 	Fixation: autoDraw = False
51.0295 	EXP 	New trial (rep=0, index=27): {'reward_today': 29, 'future_reward': 40, 'delay': 98}
51.0389 	DATA 	Keypress: t
51.0438 	EXP 	Fixation: autoDraw = False
51.0438 	EXP 	text: autoDraw = False
51.0438 	EXP 	text: height = 0.05
51.0438 	EXP 	text: height = 0.05
51.0438 	EXP 	text: height = 0.05
51.0438 	EXP 	text: text = 'GBP 29 today or GBP 40 after 98 days'
51.0438 	EXP 	Fixation: autoDraw = True
52.0275 	EXP 	text: autoDraw = True
52.0342 	EXP 	Fixation: autoDraw = False
52.4199 	EXP 	New trial (rep=0, index=28): {'reward_today': 18, 'future_reward': 31, 'delay': 68}
52.4298 	DATA 	Keypress: t
52.4348 	EXP 	Fixation: autoDraw = False
52.4348 	EXP 	text: autoDraw = False
52.4348 	EXP 	text: height = 0.05
52.4348 	EXP 	text: height = 0.05
52.4348 	EXP 	text: height = 0.05
52.4348 	EXP 	text: text = 'GBP 18 today or GBP 31 after 68 days'
52.4348 	EXP 	Fixation: autoDraw = True
53.4196 	EXP 	text: autoDraw = True
53.4277 	EXP 	Fixation: autoDraw = False
53.8962 	EXP 	New trial (rep=0, index=29): {'reward_today': 20, 'future_reward': 40, 'delay': 37}
53.9059 	DATA 	Keypress: t
53.9111 	EXP 	Fixation: autoDraw = False
53.9111 	EXP 	text: autoDraw = False
53.9111 	EXP 	text: height = 0.05
53.9111 	EXP 	text: height = 0.05
53.9111 	EXP 	text: height = 0.05
53.9111 	EXP 	text: text = 'GBP 20 today or GBP 40 after 37 days'
53.9111 	EXP 	Fixation: autoDraw = True
54.8942 	EXP 	text: autoDraw = True
54.9016 	EXP 	Fixation: autoDraw = False
55.4230 	DATA 	Keypress: t
55.4297 	EXP 	New trial (rep=0, index=30): {'reward_today': 28, 'future_reward': 66, 'delay': 30}
55.4413 	EXP 	Fixation: autoDraw = False
55.4413 	EXP 	text: autoDraw = False
55.4413 	EXP 	text: height = 0.05
55.4413 	EXP 	text: height = 0.05
55.4413 	EXP 	text: height = 0.05
55.4413 	EXP 	text: text = 'GBP 28 today or GBP 66 after 30 days'
55.4413 	EXP 	Fixation: autoDraw = True
56.4277 	EXP 	text: autoDraw = True
56.4348 	EXP 	Fixation: autoDraw = False
56.8025 	EXP 	New trial (rep=0, index=31): {'reward_today': 27, 'future_reward': 50, 'delay': 21}
56.8123 	DATA 	Keypress: t
56.8173 	EXP 	Fixation: autoDraw = False
56.8173 	EXP 	text: autoDraw = False
56.8173 	EXP 	text: height = 0.05
56.8173 	EXP 	text: height = 0.05
56.8173 	EXP 	text: height = 0.05
56.8173 	EXP 	text: text = 'GBP 27 today or GBP 50 after 21 days'
56.8173 	EXP 	Fixation: autoDraw = True
57.7944 	EXP 	text: autoDraw = True
57.8110 	EXP 	Fixation: autoDraw = False
58.3696 	EXP 	New trial (rep=0, index=32): {'reward_today': 17, 'future_reward': 57, 'delay': 93}
58.3790 	DATA 	Keypress: t
58.3837 	EXP 	Fixation: autoDraw = False
58.3837 	EXP 	text: autoDraw = False
58.3837 	EXP 	text: height = 0.05
58.3837 	EXP 	text: height = 0.05
58.3837 	EXP 	text: height = 0.05
58.3837 	EXP 	text: text = 'GBP 17 today or GBP 57 after 93 days'
58.3837 	EXP 	Fixation: autoDraw = True
59.3703 	EXP 	text: autoDraw = True
59.3773 	EXP 	Fixation: autoDraw = False
59.6469 	EXP 	New trial (rep=0, index=33): {'reward_today': 33, 'future_reward': 78, 'delay': 97}
59.6570 	DATA 	Keypress: t
59.6621 	EXP 	Fixation: autoDraw = False
59.6621 	EXP 	text: autoDraw = False
59.6621 	EXP 	text: height = 0.05
59.6621 	EXP 	text: height = 0.05
59.6621 	EXP 	text: height = 0.05
59.6621 	EXP 	text: text = 'GBP 33 today or GBP 78 after 97 days'
59.6621 	EXP 	Fixation: autoDraw = True
60.6444 	EXP 	text: autoDraw = True
60.6512 	EXP 	Fixation: autoDraw = False
60.8529 	EXP 	New trial (rep=0, index=34): {'reward_today': 49, 'future_reward': 60, 'delay': 89}
60.8632 	DATA 	Keypress: t
60.8682 	EXP 	Fixation: autoDraw = False
60.8682 	EXP 	text: autoDraw = False
60.8682 	EXP 	text: height = 0.05
60.8682 	EXP 	text: height = 0.05
60.8682 	EXP 	text: height = 0.05
60.8682 	EXP 	text: text = 'GBP 49 today or GBP 60 after 89 days'
60.8682 	EXP 	Fixation: autoDraw = True
61.8540 	EXP 	text: autoDraw = True
61.8608 	EXP 	Fixation: autoDraw = False
62.4364 	EXP 	New trial (rep=0, index=35): {'reward_today': 41, 'future_reward': 50, 'delay': 76}
62.4462 	DATA 	Keypress: l
62.4508 	EXP 	Fixation: autoDraw = False
62.4508 	EXP 	text: autoDraw = False
62.4508 	EXP 	text: height = 0.05
62.4508 	EXP 	text: height = 0.05
62.4508 	EXP 	text: height = 0.05
62.4508 	EXP 	text: text = 'GBP 41 today or GBP 50 after 76 days'
62.4508 	EXP 	Fixation: autoDraw = True
63.4367 	EXP 	text: autoDraw = True
63.4441 	EXP 	Fixation: autoDraw = False
63.9801 	EXP 	New trial (rep=0, index=36): {'reward_today': 33, 'future_reward': 55, 'delay': 60}
63.9901 	DATA 	Keypress: l
63.9953 	EXP 	Fixation: autoDraw = False
63.9953 	EXP 	text: autoDraw = False
63.9953 	EXP 	text: height = 0.05
63.9953 	EXP 	text: height = 0.05
63.9953 	EXP 	text: height = 0.05
63.9953 	EXP 	text: text = 'GBP 33 today or GBP 55 after 60 days'
63.9953 	EXP 	Fixation: autoDraw = True
64.9779 	EXP 	text: autoDraw = True
64.9847 	EXP 	Fixation: autoDraw = False
65.5697 	EXP 	New trial (rep=0, index=37): {'reward_today': 41, 'future_reward': 74, 'delay': 65}
65.5787 	DATA 	Keypress: l
65.5831 	EXP 	Fixation: autoDraw = False
65.5831 	EXP 	text: autoDraw = False
65.5831 	EXP 	text: height = 0.05
65.5831 	EXP 	text: height = 0.05
65.5831 	EXP 	text: height = 0.05
65.5831 	EXP 	text: text = 'GBP 41 today or GBP 74 after 65 days'
65.5831 	EXP 	Fixation: autoDraw = True
66.5702 	EXP 	text: autoDraw = True
66.5781 	EXP 	Fixation: autoDraw = False
66.9963 	EXP 	New trial (rep=0, index=38): {'reward_today': 48, 'future_reward': 70, 'delay': 42}
67.0069 	DATA 	Keypress: l
67.0130 	EXP 	Fixation: autoDraw = False
67.0130 	EXP 	text: autoDraw = False
67.0130 	EXP 	text: height = 0.05
67.0130 	EXP 	text: height = 0.05
67.0130 	EXP 	text: height = 0.05
67.0130 	EXP 	text: text = 'GBP 48 today or GBP 70 after 42 days'
67.0130 	EXP 	Fixation: autoDraw = True
67.0327 	DATA 	Keypress: l
67.9869 	EXP 	text: autoDraw = True
68.0015 	EXP 	Fixation: autoDraw = False
68.4470 	EXP 	New trial (rep=0, index=39): {'reward_today': 40, 'future_reward': 55, 'delay': 62}
68.4561 	DATA 	Keypress: l
68.4613 	EXP 	Fixation: autoDraw = False
68.4613 	EXP 	text: autoDraw = False
68.4613 	EXP 	text: height = 0.05
68.4613 	EXP 	text: height = 0.05
68.4613 	EXP 	text: height = 0.05
68.4613 	EXP 	text: text = 'GBP 40 today or GBP 55 after 62 days'
68.4613 	EXP 	Fixation: autoDraw = True
69.4448 	EXP 	text: autoDraw = True
69.4517 	EXP 	Fixation: autoDraw = False
69.9034 	EXP 	New trial (rep=0, index=40): {'reward_today': 31, 'future_reward': 49, 'delay': 83}
69.9121 	DATA 	Keypress: l
69.9166 	EXP 	Fixation: autoDraw = False
69.9166 	EXP 	text: autoDraw = False
69.9166 	EXP 	text: height = 0.05
69.9166 	EXP 	text: height = 0.05
69.9166 	EXP 	text: height = 0.05
69.9166 	EXP 	text: text = 'GBP 31 today or GBP 49 after 83 days'
69.9166 	EXP 	Fixation: autoDraw = True
70.9033 	EXP 	text: autoDraw = True
70.9115 	EXP 	Fixation: autoDraw = False
71.2805 	EXP 	New trial (rep=0, index=41): {'reward_today': 39, 'future_reward': 56, 'delay': 51}
71.2898 	DATA 	Keypress: t
71.2950 	EXP 	Fixation: autoDraw = False
71.2950 	EXP 	text: autoDraw = False
71.2950 	EXP 	text: height = 0.05
71.2950 	EXP 	text: height = 0.05
71.2950 	EXP 	text: height = 0.05
71.2950 	EXP 	text: text = 'GBP 39 today or GBP 56 after 51 days'
71.2950 	EXP 	Fixation: autoDraw = True
72.2782 	EXP 	text: autoDraw = True
72.2850 	EXP 	Fixation: autoDraw = False
72.6302 	EXP 	New trial (rep=0, index=42): {'reward_today': 43, 'future_reward': 83, 'delay': 18}
72.6403 	DATA 	Keypress: t
72.6455 	EXP 	Fixation: autoDraw = False
72.6455 	EXP 	text: autoDraw = False
72.6455 	EXP 	text: height = 0.05
72.6455 	EXP 	text: height = 0.05
72.6455 	EXP 	text: height = 0.05
72.6455 	EXP 	text: text = 'GBP 43 today or GBP 83 after 18 days'
72.6455 	EXP 	Fixation: autoDraw = True
73.6283 	EXP 	text: autoDraw = True
73.6350 	EXP 	Fixation: autoDraw = False
73.9870 	EXP 	New trial (rep=0, index=43): {'reward_today': 37, 'future_reward': 60, 'delay': 17}
73.9967 	DATA 	Keypress: t
74.0013 	EXP 	Fixation: autoDraw = False
74.0013 	EXP 	text: autoDraw = False
74.0013 	EXP 	text: height = 0.05
74.0013 	EXP 	text: height = 0.05
74.0013 	EXP 	text: height = 0.05
74.0013 	EXP 	text: text = 'GBP 37 today or GBP 60 after 17 days'
74.0013 	EXP 	Fixation: autoDraw = True
74.9878 	EXP 	text: autoDraw = True
74.9946 	EXP 	Fixation: autoDraw = False
75.4638 	EXP 	New trial (rep=0, index=44): {'reward_today': 23, 'future_reward': 33, 'delay': 98}
75.4742 	DATA 	Keypress: t
75.4794 	EXP 	Fixation: autoDraw = False
75.4794 	EXP 	text: autoDraw = False
75.4794 	EXP 	text: height = 0.05
75.4794 	EXP 	text: height = 0.05
75.4794 	EXP 	text: height = 0.05
75.4794 	EXP 	text: text = 'GBP 23 today or GBP 33 after 98 days'
75.4794 	EXP 	Fixation: autoDraw = True
76.4617 	EXP 	text: autoDraw = True
76.4784 	EXP 	Fixation: autoDraw = False
76.8304 	EXP 	New trial (rep=0, index=45): {'reward_today': 49, 'future_reward': 63, 'delay': 63}
76.8403 	DATA 	Keypress: t
76.8454 	EXP 	Fixation: autoDraw = False
76.8454 	EXP 	text: autoDraw = False
76.8454 	EXP 	text: height = 0.05
76.8454 	EXP 	text: height = 0.05
76.8454 	EXP 	text: height = 0.05
76.8454 	EXP 	text: text = 'GBP 49 today or GBP 63 after 63 days'
76.8454 	EXP 	Fixation: autoDraw = True
77.8284 	EXP 	text: autoDraw = True
77.8355 	EXP 	Fixation: autoDraw = False
78.3535 	EXP 	New trial (rep=0, index=46): {'reward_today': 44, 'future_reward': 89, 'delay': 83}
78.3629 	DATA 	Keypress: t
78.3675 	EXP 	Fixation: autoDraw = False
78.3675 	EXP 	text: autoDraw = False
78.3675 	EXP 	text: height = 0.05
78.3675 	EXP 	text: height = 0.05
78.3675 	EXP 	text: height = 0.05
78.3675 	EXP 	text: text = 'GBP 44 today or GBP 89 after 83 days'
78.3675 	EXP 	Fixation: autoDraw = True
79.3443 	EXP 	text: autoDraw = True
79.3619 	EXP 	Fixation: autoDraw = False
80.0033 	EXP 	New trial (rep=0, index=47): {'reward_today': 19, 'future_reward': 56, 'delay': 76}
80.0143 	DATA 	Keypress: t
80.0192 	EXP 	Fixation: autoDraw = False
80.0192 	EXP 	text: autoDraw = False
80.0192 	EXP 	text: height = 0.05
80.0192 	EXP 	text: height = 0.05
80.0192 	EXP 	text: height = 0.05
80.0192 	EXP 	text: text = 'GBP 19 today or GBP 56 after 76 days'
80.0192 	EXP 	Fixation: autoDraw = True
81.0039 	EXP 	text: autoDraw = True
81.0120 	EXP 	Fixation: autoDraw = False
81.4372 	EXP 	New trial (rep=0, index=48): {'reward_today': 10, 'future_reward': 55, 'delay': 53}
81.4465 	DATA 	Keypress: t
81.4518 	EXP 	Fixation: autoDraw = False
81.4518 	EXP 	text: autoDraw = False
81.4518 	EXP 	text: height = 0.05
81.4518 	EXP 	text: height = 0.05
81.4518 	EXP 	text: height = 0.05
81.4518 	EXP 	text: text = 'GBP 10 today or GBP 55 after 53 days'
81.4518 	EXP 	Fixation: autoDraw = True
82.4366 	EXP 	text: autoDraw = True
82.4452 	EXP 	Fixation: autoDraw = False
82.7540 	EXP 	New trial (rep=0, index=49): {'reward_today': 45, 'future_reward': 64, 'delay': 100}
82.7634 	DATA 	Keypress: t
82.7680 	EXP 	Fixation: autoDraw = False
82.7680 	EXP 	text: autoDraw = False
82.7680 	EXP 	text: height = 0.05
82.7680 	EXP 	text: height = 0.05
82.7680 	EXP 	text: height = 0.05
82.7680 	EXP 	text: text = 'GBP 45 today or GBP 64 after 100 days'
82.7680 	EXP 	Fixation: autoDraw = True
83.7550 	EXP 	text: autoDraw = True
83.7618 	EXP 	Fixation: autoDraw = False
84.0970 	EXP 	New trial (rep=0, index=50): {'reward_today': 12, 'future_reward': 22, 'delay': 55}
84.1070 	DATA 	Keypress: t
84.1122 	EXP 	Fixation: autoDraw = False
84.1122 	EXP 	text: autoDraw = False
84.1122 	EXP 	text: height = 0.05
84.1122 	EXP 	text: height = 0.05
84.1122 	EXP 	text: height = 0.05
84.1122 	EXP 	text: text = 'GBP 12 today or GBP 22 after 55 days'
84.1122 	EXP 	Fixation: autoDraw = True
85.0953 	EXP 	text: autoDraw = True
85.1025 	EXP 	Fixation: autoDraw = False
85.3809 	EXP 	New trial (rep=0, index=51): {'reward_today': 14, 'future_reward': 45, 'delay': 96}
85.3904 	DATA 	Keypress: t
85.3957 	EXP 	Fixation: autoDraw = False
85.3957 	EXP 	text: autoDraw = False
85.3957 	EXP 	text: height = 0.05
85.3957 	EXP 	text: height = 0.05
85.3957 	EXP 	text: height = 0.05
85.3957 	EXP 	text: text = 'GBP 14 today or GBP 45 after 96 days'
85.3957 	EXP 	Fixation: autoDraw = True
86.3787 	EXP 	text: autoDraw = True
86.3853 	EXP 	Fixation: autoDraw = False
86.6147 	EXP 	New trial (rep=0, index=52): {'reward_today': 29, 'future_reward': 33, 'delay': 44}
86.6241 	DATA 	Keypress: t
86.6289 	EXP 	Fixation: autoDraw = False
86.6289 	EXP 	text: autoDraw = False
86.6289 	EXP 	text: height = 0.05
86.6289 	EXP 	text: height = 0.05
86.6289 	EXP 	text: height = 0.05
86.6289 	EXP 	text: text = 'GBP 29 today or GBP 33 after 44 days'
86.6289 	EXP 	Fixation: autoDraw = True
87.6121 	EXP 	text: autoDraw = True
87.6196 	EXP 	Fixation: autoDraw = False
87.9475 	EXP 	New trial (rep=0, index=53): {'reward_today': 67, 'future_reward': 75, 'delay': 119}
87.9572 	DATA 	Keypress: t
87.9624 	EXP 	Fixation: autoDraw = False
87.9624 	EXP 	text: autoDraw = False
87.9624 	EXP 	text: height = 0.05
87.9624 	EXP 	text: height = 0.05
87.9624 	EXP 	text: height = 0.05
87.9624 	EXP 	text: text = 'GBP 67 today or GBP 75 after 119 days'
87.9624 	EXP 	Fixation: autoDraw = True
88.9454 	EXP 	text: autoDraw = True
88.9522 	EXP 	Fixation: autoDraw = False
89.3874 	EXP 	New trial (rep=0, index=54): {'reward_today': 12, 'future_reward': 77, 'delay': 33}
89.3981 	DATA 	Keypress: t
89.4031 	EXP 	Fixation: autoDraw = False
89.4031 	EXP 	text: autoDraw = False
89.4031 	EXP 	text: height = 0.05
89.4031 	EXP 	text: height = 0.05
89.4031 	EXP 	text: height = 0.05
89.4031 	EXP 	text: text = 'GBP 12 today or GBP 77 after 33 days'
89.4031 	EXP 	Fixation: autoDraw = True
90.3787 	EXP 	text: autoDraw = True
90.3955 	EXP 	Fixation: autoDraw = False
90.7816 	EXP 	New trial (rep=0, index=55): {'reward_today': 20, 'future_reward': 57, 'delay': 31}
90.7919 	DATA 	Keypress: t
90.7967 	EXP 	Fixation: autoDraw = False
90.7967 	EXP 	text: autoDraw = False
90.7967 	EXP 	text: height = 0.05
90.7967 	EXP 	text: height = 0.05
90.7967 	EXP 	text: height = 0.05
90.7967 	EXP 	text: text = 'GBP 20 today or GBP 57 after 31 days'
90.7967 	EXP 	Fixation: autoDraw = True
91.7789 	EXP 	text: autoDraw = True
91.7956 	EXP 	Fixation: autoDraw = False
92.2477 	EXP 	New trial (rep=0, index=56): {'reward_today': 38, 'future_reward': 40, 'delay': 59}
92.2573 	DATA 	Keypress: t
92.2624 	EXP 	Fixation: autoDraw = False
92.2624 	EXP 	text: autoDraw = False
92.2624 	EXP 	text: height = 0.05
92.2624 	EXP 	text: height = 0.05
92.2624 	EXP 	text: height = 0.05
92.2624 	EXP 	text: text = 'GBP 38 today or GBP 40 after 59 days'
92.2624 	EXP 	Fixation: autoDraw = True
93.2456 	EXP 	text: autoDraw = True
93.2524 	EXP 	Fixation: autoDraw = False
93.6538 	EXP 	New trial (rep=0, index=57): {'reward_today': 21, 'future_reward': 69, 'delay': 28}
93.6629 	DATA 	Keypress: t
93.6674 	EXP 	Fixation: autoDraw = False
93.6674 	EXP 	text: autoDraw = False
93.6674 	EXP 	text: height = 0.05
93.6674 	EXP 	text: height = 0.05
93.6674 	EXP 	text: height = 0.05
93.6674 	EXP 	text: text = 'GBP 21 today or GBP 69 after 28 days'
93.6674 	EXP 	Fixation: autoDraw = True
94.6541 	EXP 	text: autoDraw = True
94.6623 	EXP 	Fixation: autoDraw = False
95.3707 	EXP 	New trial (rep=0, index=58): {'reward_today': 47, 'future_reward': 66, 'delay': 52}
95.3809 	DATA 	Keypress: t
95.3859 	EXP 	Fixation: autoDraw = False
95.3859 	EXP 	text: autoDraw = False
95.3859 	EXP 	text: height = 0.05
95.3859 	EXP 	text: height = 0.05
95.3859 	EXP 	text: height = 0.05
95.3859 	EXP 	text: text = 'GBP 47 today or GBP 66 after 52 days'
95.3859 	EXP 	Fixation: autoDraw = True
96.3708 	EXP 	text: autoDraw = True
96.3790 	EXP 	Fixation: autoDraw = False
96.6642 	EXP 	New trial (rep=0, index=59): {'reward_today': 44, 'future_reward': 70, 'delay': 81}
96.6740 	DATA 	Keypress: t
96.6792 	EXP 	Fixation: autoDraw = False
96.6792 	EXP 	text: autoDraw = False
96.6792 	EXP 	text: height = 0.05
96.6792 	EXP 	text: height = 0.05
96.6792 	EXP 	text: height = 0.05
96.6792 	EXP 	text: text = 'GBP 44 today or GBP 70 after 81 days'
96.6792 	EXP 	Fixation: autoDraw = True
97.6625 	EXP 	text: autoDraw = True
97.6699 	EXP 	Fixation: autoDraw = False
98.0549 	EXP 	New trial (rep=0, index=60): {'reward_today': 17, 'future_reward': 50, 'delay': 44}
98.0647 	DATA 	Keypress: t
98.0693 	EXP 	Fixation: autoDraw = False
98.0693 	EXP 	text: autoDraw = False
98.0693 	EXP 	text: height = 0.05
98.0693 	EXP 	text: height = 0.05
98.0693 	EXP 	text: height = 0.05
98.0693 	EXP 	text: text = 'GBP 17 today or GBP 50 after 44 days'
98.0693 	EXP 	Fixation: autoDraw = True
99.0547 	EXP 	text: autoDraw = True
99.0615 	EXP 	Fixation: autoDraw = False
99.3978 	EXP 	New trial (rep=0, index=61): {'reward_today': 31, 'future_reward': 76, 'delay': 52}
99.4066 	DATA 	Keypress: t
99.4119 	EXP 	Fixation: autoDraw = False
99.4119 	EXP 	text: autoDraw = False
99.4119 	EXP 	text: height = 0.05
99.4119 	EXP 	text: height = 0.05
99.4119 	EXP 	text: height = 0.05
99.4119 	EXP 	text: text = 'GBP 31 today or GBP 76 after 52 days'
99.4119 	EXP 	Fixation: autoDraw = True
100.3960 	EXP 	text: autoDraw = True
100.4027 	EXP 	Fixation: autoDraw = False
100.7646 	EXP 	New trial (rep=0, index=62): {'reward_today': 16, 'future_reward': 70, 'delay': 88}
100.7748 	DATA 	Keypress: t
100.7801 	EXP 	Fixation: autoDraw = False
100.7801 	EXP 	text: autoDraw = False
100.7801 	EXP 	text: height = 0.05
100.7801 	EXP 	text: height = 0.05
100.7801 	EXP 	text: height = 0.05
100.7801 	EXP 	text: text = 'GBP 16 today or GBP 70 after 88 days'
100.7801 	EXP 	Fixation: autoDraw = True
101.7626 	EXP 	text: autoDraw = True
101.7701 	EXP 	Fixation: autoDraw = False
102.1543 	EXP 	New trial (rep=0, index=63): {'reward_today': 13, 'future_reward': 59, 'delay': 10}
102.1632 	DATA 	Keypress: t
102.1677 	EXP 	Fixation: autoDraw = False
102.1677 	EXP 	text: autoDraw = False
102.1677 	EXP 	text: height = 0.05
102.1677 	EXP 	text: height = 0.05
102.1677 	EXP 	text: height = 0.05
102.1677 	EXP 	text: text = 'GBP 13 today or GBP 59 after 10 days'
102.1677 	EXP 	Fixation: autoDraw = True
103.1547 	EXP 	text: autoDraw = True
103.1616 	EXP 	Fixation: autoDraw = False
103.7647 	EXP 	New trial (rep=0, index=64): {'reward_today': 47, 'future_reward': 74, 'delay': 27}
103.7741 	DATA 	Keypress: l
103.7793 	EXP 	Fixation: autoDraw = False
103.7793 	EXP 	text: autoDraw = False
103.7793 	EXP 	text: height = 0.05
103.7793 	EXP 	text: height = 0.05
103.7793 	EXP 	text: height = 0.05
103.7793 	EXP 	text: text = 'GBP 47 today or GBP 74 after 27 days'
103.7793 	EXP 	Fixation: autoDraw = True
104.7627 	EXP 	text: autoDraw = True
104.7699 	EXP 	Fixation: autoDraw = False
105.7312 	EXP 	New trial (rep=0, index=65): {'reward_today': 20, 'future_reward': 69, 'delay': 51}
105.7406 	DATA 	Keypress: t
105.7457 	EXP 	Fixation: autoDraw = False
105.7457 	EXP 	text: autoDraw = False
105.7457 	EXP 	text: height = 0.05
105.7457 	EXP 	text: height = 0.05
105.7457 	EXP 	text: height = 0.05
105.7457 	EXP 	text: text = 'GBP 20 today or GBP 69 after 51 days'
105.7457 	EXP 	Fixation: autoDraw = True
106.7216 	EXP 	text: autoDraw = True
106.7362 	EXP 	Fixation: autoDraw = False
107.3045 	EXP 	New trial (rep=0, index=66): {'reward_today': 11, 'future_reward': 30, 'delay': 7}
107.3140 	DATA 	Keypress: t
107.3187 	EXP 	Fixation: autoDraw = False
107.3187 	EXP 	text: autoDraw = False
107.3187 	EXP 	text: height = 0.05
107.3187 	EXP 	text: height = 0.05
107.3187 	EXP 	text: height = 0.05
107.3187 	EXP 	text: text = 'GBP 11 today or GBP 30 after 7 days'
107.3187 	EXP 	Fixation: autoDraw = True
108.3052 	EXP 	text: autoDraw = True
108.3120 	EXP 	Fixation: autoDraw = False
108.7877 	EXP 	New trial (rep=0, index=67): {'reward_today': 26, 'future_reward': 34, 'delay': 47}
108.7979 	DATA 	Keypress: l
108.8029 	EXP 	Fixation: autoDraw = False
108.8029 	EXP 	text: autoDraw = False
108.8029 	EXP 	text: height = 0.05
108.8029 	EXP 	text: height = 0.05
108.8029 	EXP 	text: height = 0.05
108.8029 	EXP 	text: text = 'GBP 26 today or GBP 34 after 47 days'
108.8029 	EXP 	Fixation: autoDraw = True
109.7882 	EXP 	text: autoDraw = True
109.7955 	EXP 	Fixation: autoDraw = False
110.3481 	EXP 	New trial (rep=0, index=68): {'reward_today': 24, 'future_reward': 86, 'delay': 43}
110.3586 	DATA 	Keypress: l
110.3637 	EXP 	Fixation: autoDraw = False
110.3637 	EXP 	text: autoDraw = False
110.3637 	EXP 	text: height = 0.05
110.3637 	EXP 	text: height = 0.05
110.3637 	EXP 	text: height = 0.05
110.3637 	EXP 	text: text = 'GBP 24 today or GBP 86 after 43 days'
110.3637 	EXP 	Fixation: autoDraw = True
111.3462 	EXP 	text: autoDraw = True
111.3528 	EXP 	Fixation: autoDraw = False
111.7210 	EXP 	New trial (rep=0, index=69): {'reward_today': 46, 'future_reward': 57, 'delay': 37}
111.7307 	DATA 	Keypress: l
111.7353 	EXP 	Fixation: autoDraw = False
111.7353 	EXP 	text: autoDraw = False
111.7353 	EXP 	text: height = 0.05
111.7353 	EXP 	text: height = 0.05
111.7353 	EXP 	text: height = 0.05
111.7353 	EXP 	text: text = 'GBP 46 today or GBP 57 after 37 days'
111.7353 	EXP 	Fixation: autoDraw = True
112.7218 	EXP 	text: autoDraw = True
112.7286 	EXP 	Fixation: autoDraw = False
113.1656 	EXP 	New trial (rep=0, index=70): {'reward_today': 24, 'future_reward': 77, 'delay': 32}
113.1745 	DATA 	Keypress: l
113.1797 	EXP 	Fixation: autoDraw = False
113.1797 	EXP 	text: autoDraw = False
113.1797 	EXP 	text: height = 0.05
113.1797 	EXP 	text: height = 0.05
113.1797 	EXP 	text: height = 0.05
113.1797 	EXP 	text: text = 'GBP 24 today or GBP 77 after 32 days'
113.1797 	EXP 	Fixation: autoDraw = True
114.1629 	EXP 	text: autoDraw = True
114.1697 	EXP 	Fixation: autoDraw = False
114.6849 	DATA 	Keypress: l
114.6915 	EXP 	New trial (rep=0, index=71): {'reward_today': 16, 'future_reward': 43, 'delay': 16}
114.7033 	EXP 	Fixation: autoDraw = False
114.7033 	EXP 	text: autoDraw = False
114.7033 	EXP 	text: height = 0.05
114.7033 	EXP 	text: height = 0.05
114.7033 	EXP 	text: height = 0.05
114.7033 	EXP 	text: text = 'GBP 16 today or GBP 43 after 16 days'
114.7033 	EXP 	Fixation: autoDraw = True
115.6882 	EXP 	text: autoDraw = True
115.6956 	EXP 	Fixation: autoDraw = False
116.2651 	EXP 	New trial (rep=0, index=72): {'reward_today': 12, 'future_reward': 21, 'delay': 97}
116.2755 	DATA 	Keypress: l
116.2806 	EXP 	Fixation: autoDraw = False
116.2806 	EXP 	text: autoDraw = False
116.2806 	EXP 	text: height = 0.05
116.2806 	EXP 	text: height = 0.05
116.2806 	EXP 	text: height = 0.05
116.2806 	EXP 	text: text = 'GBP 12 today or GBP 21 after 97 days'
116.2806 	EXP 	Fixation: autoDraw = True
117.2631 	EXP 	text: autoDraw = True
117.2697 	EXP 	Fixation: autoDraw = False
117.8927 	DATA 	Keypress: t
117.8997 	EXP 	New trial (rep=0, index=73): {'reward_today': 34, 'future_reward': 68, 'delay': 39}
117.9131 	EXP 	Fixation: autoDraw = False
117.9131 	EXP 	text: autoDraw = False
117.9131 	EXP 	text: height = 0.05
117.9131 	EXP 	text: height = 0.05
117.9131 	EXP 	text: height = 0.05
117.9131 	EXP 	text: text = 'GBP 34 today or GBP 68 after 39 days'
117.9131 	EXP 	Fixation: autoDraw = True
118.8964 	EXP 	text: autoDraw = True
118.9032 	EXP 	Fixation: autoDraw = False
119.3386 	EXP 	New trial (rep=0, index=74): {'reward_today': 45, 'future_reward': 52, 'delay': 30}
119.3485 	DATA 	Keypress: t
119.3535 	EXP 	Fixation: autoDraw = False
119.3535 	EXP 	text: autoDraw = False
119.3535 	EXP 	text: height = 0.05
119.3535 	EXP 	text: height = 0.05
119.3535 	EXP 	text: height = 0.05
119.3535 	EXP 	text: text = 'GBP 45 today or GBP 52 after 30 days'
119.3535 	EXP 	Fixation: autoDraw = True
120.3389 	EXP 	text: autoDraw = True
120.3459 	EXP 	Fixation: autoDraw = False
120.8714 	EXP 	New trial (rep=0, index=75): {'reward_today': 24, 'future_reward': 63, 'delay': 90}
120.8798 	DATA 	Keypress: t
120.8844 	EXP 	Fixation: autoDraw = False
120.8844 	EXP 	text: autoDraw = False
120.8844 	EXP 	text: height = 0.05
120.8844 	EXP 	text: height = 0.05
120.8844 	EXP 	text: height = 0.05
120.8844 	EXP 	text: text = 'GBP 24 today or GBP 63 after 90 days'
120.8844 	EXP 	Fixation: autoDraw = True
121.8718 	EXP 	text: autoDraw = True
121.8798 	EXP 	Fixation: autoDraw = False
122.2719 	EXP 	New trial (rep=0, index=76): {'reward_today': 29, 'future_reward': 48, 'delay': 7}
122.2816 	DATA 	Keypress: t
122.2866 	EXP 	Fixation: autoDraw = False
122.2866 	EXP 	text: autoDraw = False
122.2866 	EXP 	text: height = 0.05
122.2866 	EXP 	text: height = 0.05
122.2866 	EXP 	text: height = 0.05
122.2866 	EXP 	text: text = 'GBP 29 today or GBP 48 after 7 days'
122.2866 	EXP 	Fixation: autoDraw = True
123.2719 	EXP 	text: autoDraw = True
123.2790 	EXP 	Fixation: autoDraw = False
123.9494 	EXP 	New trial (rep=0, index=77): {'reward_today': 39, 'future_reward': 30, 'delay': 99}
123.9594 	DATA 	Keypress: l
123.9645 	EXP 	Fixation: autoDraw = False
123.9645 	EXP 	text: autoDraw = False
123.9645 	EXP 	text: height = 0.05
123.9645 	EXP 	text: height = 0.05
123.9645 	EXP 	text: height = 0.05
123.9645 	EXP 	text: text = 'GBP 39 today or GBP 30 after 99 days'
123.9645 	EXP 	Fixation: autoDraw = True
124.9466 	EXP 	text: autoDraw = True
124.9633 	EXP 	Fixation: autoDraw = False
125.5887 	EXP 	New trial (rep=0, index=78): {'reward_today': 21, 'future_reward': 74, 'delay': 80}
125.5988 	DATA 	Keypress: t
125.6038 	EXP 	Fixation: autoDraw = False
125.6038 	EXP 	text: autoDraw = False
125.6038 	EXP 	text: height = 0.05
125.6038 	EXP 	text: height = 0.05
125.6038 	EXP 	text: height = 0.05
125.6038 	EXP 	text: text = 'GBP 21 today or GBP 74 after 80 days'
125.6038 	EXP 	Fixation: autoDraw = True
126.5887 	EXP 	text: autoDraw = True
126.5968 	EXP 	Fixation: autoDraw = False
127.2817 	EXP 	New trial (rep=0, index=79): {'reward_today': 13, 'future_reward': 22, 'delay': 66}
127.2916 	DATA 	Keypress: t
127.2968 	EXP 	Fixation: autoDraw = False
127.2968 	EXP 	text: autoDraw = False
127.2968 	EXP 	text: height = 0.05
127.2968 	EXP 	text: height = 0.05
127.2968 	EXP 	text: height = 0.05
127.2968 	EXP 	text: text = 'GBP 13 today or GBP 22 after 66 days'
127.2968 	EXP 	Fixation: autoDraw = True
128.2721 	EXP 	text: autoDraw = True
128.2863 	EXP 	Fixation: autoDraw = False
129.3322 	EXP 	New trial (rep=0, index=80): {'reward_today': 44, 'future_reward': 67, 'delay': 11}
129.3423 	DATA 	Keypress: t
129.3475 	EXP 	Fixation: autoDraw = False
129.3475 	EXP 	text: autoDraw = False
129.3475 	EXP 	text: height = 0.05
129.3475 	EXP 	text: height = 0.05
129.3475 	EXP 	text: height = 0.05
129.3475 	EXP 	text: text = 'GBP 44 today or GBP 67 after 11 days'
129.3475 	EXP 	Fixation: autoDraw = True
130.3303 	EXP 	text: autoDraw = True
130.3378 	EXP 	Fixation: autoDraw = False
131.0716 	EXP 	New trial (rep=0, index=81): {'reward_today': 34, 'future_reward': 71, 'delay': 18}
131.0809 	DATA 	Keypress: l
131.0854 	EXP 	Fixation: autoDraw = False
131.0854 	EXP 	text: autoDraw = False
131.0854 	EXP 	text: height = 0.05
131.0854 	EXP 	text: height = 0.05
131.0854 	EXP 	text: height = 0.05
131.0854 	EXP 	text: text = 'GBP 34 today or GBP 71 after 18 days'
131.0854 	EXP 	Fixation: autoDraw = True
132.0729 	EXP 	text: autoDraw = True
132.0801 	EXP 	Fixation: autoDraw = False
132.6655 	EXP 	New trial (rep=0, index=82): {'reward_today': 21, 'future_reward': 45, 'delay': 79}
132.6756 	DATA 	Keypress: l
132.6808 	EXP 	Fixation: autoDraw = False
132.6808 	EXP 	text: autoDraw = False
132.6808 	EXP 	text: height = 0.05
132.6808 	EXP 	text: height = 0.05
132.6808 	EXP 	text: height = 0.05
132.6808 	EXP 	text: text = 'GBP 21 today or GBP 45 after 79 days'
132.6808 	EXP 	Fixation: autoDraw = True
133.6636 	EXP 	text: autoDraw = True
133.6703 	EXP 	Fixation: autoDraw = False
134.2155 	EXP 	New trial (rep=0, index=83): {'reward_today': 15, 'future_reward': 73, 'delay': 94}
134.2253 	DATA 	Keypress: t
134.2305 	EXP 	Fixation: autoDraw = False
134.2305 	EXP 	text: autoDraw = False
134.2305 	EXP 	text: height = 0.05
134.2305 	EXP 	text: height = 0.05
134.2305 	EXP 	text: height = 0.05
134.2305 	EXP 	text: text = 'GBP 15 today or GBP 73 after 94 days'
134.2305 	EXP 	Fixation: autoDraw = True
135.2139 	EXP 	text: autoDraw = True
135.2206 	EXP 	Fixation: autoDraw = False
135.9054 	EXP 	New trial (rep=0, index=84): {'reward_today': 26, 'future_reward': 38, 'delay': 25}
135.9152 	DATA 	Keypress: t
135.9203 	EXP 	Fixation: autoDraw = False
135.9203 	EXP 	text: autoDraw = False
135.9203 	EXP 	text: height = 0.05
135.9203 	EXP 	text: height = 0.05
135.9203 	EXP 	text: height = 0.05
135.9203 	EXP 	text: text = 'GBP 26 today or GBP 38 after 25 days'
135.9203 	EXP 	Fixation: autoDraw = True
136.9062 	EXP 	text: autoDraw = True
136.9132 	EXP 	Fixation: autoDraw = False
137.2060 	EXP 	New trial (rep=0, index=85): {'reward_today': 27, 'future_reward': 57, 'delay': 18}
137.2158 	DATA 	Keypress: t
137.2205 	EXP 	Fixation: autoDraw = False
137.2205 	EXP 	text: autoDraw = False
137.2205 	EXP 	text: height = 0.05
137.2205 	EXP 	text: height = 0.05
137.2205 	EXP 	text: height = 0.05
137.2205 	EXP 	text: text = 'GBP 27 today or GBP 57 after 18 days'
137.2205 	EXP 	Fixation: autoDraw = True
138.2059 	EXP 	text: autoDraw = True
138.2133 	EXP 	Fixation: autoDraw = False
139.0163 	EXP 	New trial (rep=0, index=86): {'reward_today': 15, 'future_reward': 20, 'delay': 35}
139.0252 	DATA 	Keypress: l
139.0304 	EXP 	Fixation: autoDraw = False
139.0304 	EXP 	text: autoDraw = False
139.0304 	EXP 	text: height = 0.05
139.0304 	EXP 	text: height = 0.05
139.0304 	EXP 	text: height = 0.05
139.0304 	EXP 	text: text = 'GBP 15 today or GBP 20 after 35 days'
139.0304 	EXP 	Fixation: autoDraw = True
140.0140 	EXP 	text: autoDraw = True
140.0214 	EXP 	Fixation: autoDraw = False
140.6162 	EXP 	New trial (rep=0, index=87): {'reward_today': 48, 'future_reward': 52, 'delay': 50}
140.6259 	DATA 	Keypress: t
140.6309 	EXP 	Fixation: autoDraw = False
140.6309 	EXP 	text: autoDraw = False
140.6309 	EXP 	text: height = 0.05
140.6309 	EXP 	text: height = 0.05
140.6309 	EXP 	text: height = 0.05
140.6309 	EXP 	text: text = 'GBP 48 today or GBP 52 after 50 days'
140.6309 	EXP 	Fixation: autoDraw = True
141.6139 	EXP 	text: autoDraw = True
141.6205 	EXP 	Fixation: autoDraw = False
142.5054 	EXP 	New trial (rep=0, index=88): {'reward_today': 39, 'future_reward': 61, 'delay': 48}
142.5157 	DATA 	Keypress: t
142.5209 	EXP 	Fixation: autoDraw = False
142.5209 	EXP 	text: autoDraw = False
142.5209 	EXP 	text: height = 0.05
142.5209 	EXP 	text: height = 0.05
142.5209 	EXP 	text: height = 0.05
142.5209 	EXP 	text: text = 'GBP 39 today or GBP 61 after 48 days'
142.5209 	EXP 	Fixation: autoDraw = True
143.5066 	EXP 	text: autoDraw = True
143.5134 	EXP 	Fixation: autoDraw = False
144.1326 	EXP 	New trial (rep=0, index=89): {'reward_today': 11, 'future_reward': 51, 'delay': 87}
144.1425 	DATA 	Keypress: t
144.1476 	EXP 	Fixation: autoDraw = False
144.1476 	EXP 	text: autoDraw = False
144.1476 	EXP 	text: height = 0.05
144.1476 	EXP 	text: height = 0.05
144.1476 	EXP 	text: height = 0.05
144.1476 	EXP 	text: text = 'GBP 11 today or GBP 51 after 87 days'
144.1476 	EXP 	Fixation: autoDraw = True
145.1307 	EXP 	text: autoDraw = True
145.1383 	EXP 	Fixation: autoDraw = False
145.8562 	EXP 	New trial (rep=0, index=90): {'reward_today': 19, 'future_reward': 86, 'delay': 45}
145.8658 	DATA 	Keypress: t
145.8708 	EXP 	Fixation: autoDraw = False
145.8708 	EXP 	text: autoDraw = False
145.8708 	EXP 	text: height = 0.05
145.8708 	EXP 	text: height = 0.05
145.8708 	EXP 	text: height = 0.05
145.8708 	EXP 	text: text = 'GBP 19 today or GBP 86 after 45 days'
145.8708 	EXP 	Fixation: autoDraw = True
146.8568 	EXP 	text: autoDraw = True
146.8637 	EXP 	Fixation: autoDraw = False
147.4659 	EXP 	New trial (rep=0, index=91): {'reward_today': 43, 'future_reward': 61, 'delay': 41}
147.4761 	DATA 	Keypress: t
147.4811 	EXP 	Fixation: autoDraw = False
147.4811 	EXP 	text: autoDraw = False
147.4811 	EXP 	text: height = 0.05
147.4811 	EXP 	text: height = 0.05
147.4811 	EXP 	text: height = 0.05
147.4811 	EXP 	text: text = 'GBP 43 today or GBP 61 after 41 days'
147.4811 	EXP 	Fixation: autoDraw = True
148.4641 	EXP 	text: autoDraw = True
148.4707 	EXP 	Fixation: autoDraw = False
148.9559 	EXP 	New trial (rep=0, index=92): {'reward_today': 44, 'future_reward': 55, 'delay': 65}
148.9656 	DATA 	Keypress: t
148.9705 	EXP 	Fixation: autoDraw = False
148.9705 	EXP 	text: autoDraw = False
148.9705 	EXP 	text: height = 0.05
148.9705 	EXP 	text: height = 0.05
148.9705 	EXP 	text: height = 0.05
148.9705 	EXP 	text: text = 'GBP 44 today or GBP 55 after 65 days'
148.9705 	EXP 	Fixation: autoDraw = True
149.9475 	EXP 	text: autoDraw = True
149.9641 	EXP 	Fixation: autoDraw = False
150.7405 	EXP 	New trial (rep=0, index=93): {'reward_today': 12, 'future_reward': 73, 'delay': 100}
150.7504 	DATA 	Keypress: t
150.7551 	EXP 	Fixation: autoDraw = False
150.7551 	EXP 	text: autoDraw = False
150.7551 	EXP 	text: height = 0.05
150.7551 	EXP 	text: height = 0.05
150.7551 	EXP 	text: height = 0.05
150.7551 	EXP 	text: text = 'GBP 12 today or GBP 73 after 100 days'
150.7551 	EXP 	Fixation: autoDraw = True
151.7402 	EXP 	text: autoDraw = True
151.7472 	EXP 	Fixation: autoDraw = False
152.2662 	EXP 	New trial (rep=0, index=94): {'reward_today': 78, 'future_reward': 80, 'delay': 162}
152.2755 	DATA 	Keypress: l
152.2806 	EXP 	Fixation: autoDraw = False
152.2806 	EXP 	text: autoDraw = False
152.2806 	EXP 	text: height = 0.05
152.2806 	EXP 	text: height = 0.05
152.2806 	EXP 	text: height = 0.05
152.2806 	EXP 	text: text = 'GBP 78 today or GBP 80 after 162 days'
152.2806 	EXP 	Fixation: autoDraw = True
153.2644 	EXP 	text: autoDraw = True
153.2718 	EXP 	Fixation: autoDraw = False
153.7891 	EXP 	New trial (rep=0, index=95): {'reward_today': 35, 'future_reward': 37, 'delay': 86}
153.7992 	DATA 	Keypress: t
153.8039 	EXP 	Fixation: autoDraw = False
153.8039 	EXP 	text: autoDraw = False
153.8039 	EXP 	text: height = 0.05
153.8039 	EXP 	text: height = 0.05
153.8039 	EXP 	text: height = 0.05
153.8039 	EXP 	text: text = 'GBP 35 today or GBP 37 after 86 days'
153.8039 	EXP 	Fixation: autoDraw = True
154.7899 	EXP 	text: autoDraw = True
154.7967 	EXP 	Fixation: autoDraw = False
155.8662 	EXP 	New trial (rep=0, index=96): {'reward_today': 47, 'future_reward': 83, 'delay': 51}
155.8767 	DATA 	Keypress: t
155.8819 	EXP 	Fixation: autoDraw = False
155.8819 	EXP 	text: autoDraw = False
155.8819 	EXP 	text: height = 0.05
155.8819 	EXP 	text: height = 0.05
155.8819 	EXP 	text: height = 0.05
155.8819 	EXP 	text: text = 'GBP 47 today or GBP 83 after 51 days'
155.8819 	EXP 	Fixation: autoDraw = True
156.8644 	EXP 	text: autoDraw = True
156.8710 	EXP 	Fixation: autoDraw = False
157.3722 	EXP 	New trial (rep=0, index=97): {'reward_today': 15, 'future_reward': 35, 'delay': 13}
157.3821 	DATA 	Keypress: t
157.3866 	EXP 	Fixation: autoDraw = False
157.3866 	EXP 	text: autoDraw = False
157.3866 	EXP 	text: height = 0.05
157.3866 	EXP 	text: height = 0.05
157.3866 	EXP 	text: height = 0.05
157.3866 	EXP 	text: text = 'GBP 15 today or GBP 35 after 13 days'
157.3866 	EXP 	Fixation: autoDraw = True
158.3645 	EXP 	text: autoDraw = True
158.3811 	EXP 	Fixation: autoDraw = False
159.0165 	EXP 	New trial (rep=0, index=98): {'reward_today': 17, 'future_reward': 46, 'delay': 24}
159.0257 	DATA 	Keypress: l
159.0305 	EXP 	Fixation: autoDraw = False
159.0305 	EXP 	text: autoDraw = False
159.0305 	EXP 	text: height = 0.05
159.0305 	EXP 	text: height = 0.05
159.0305 	EXP 	text: height = 0.05
159.0305 	EXP 	text: text = 'GBP 17 today or GBP 46 after 24 days'
159.0305 	EXP 	Fixation: autoDraw = True
160.0145 	EXP 	text: autoDraw = True
160.0214 	EXP 	Fixation: autoDraw = False
161.0998 	EXP 	New trial (rep=0, index=99): {'reward_today': 39, 'future_reward': 88, 'delay': 37}
161.1094 	DATA 	Keypress: l
161.1146 	EXP 	Fixation: autoDraw = False
161.1146 	EXP 	text: autoDraw = False
161.1146 	EXP 	text: height = 0.05
161.1146 	EXP 	text: height = 0.05
161.1146 	EXP 	text: height = 0.05
161.1146 	EXP 	text: text = 'GBP 39 today or GBP 88 after 37 days'
161.1146 	EXP 	Fixation: autoDraw = True
162.0979 	EXP 	text: autoDraw = True
162.1046 	EXP 	Fixation: autoDraw = False
162.7523 	DATA 	Keypress: t
162.7574 	EXP 	Fixation: autoDraw = False
162.7574 	EXP 	text: autoDraw = False
162.7978 	EXP 	window1: mouseVisible = True
