7.5555 	WARNING 	User requested fullscreen with size [1024  768], but screen is actually [1440, 900]. Using actual size
8.6892 	WARNING 	Couldn't measure a consistent frame rate!
  - Is your graphics card set to sync to vertical blank?
  - Are you running other processes on your computer?

8.6901 	EXP 	Created window1 = Window(allowGUI=True, allowStencil=False, autoLog=True, backendConf=UNKNOWN, backgroundFit=<method-wrapper '__getattribute__' of attributeSetter object at 0x7fc942d1f190>, backgroundImage=<method-wrapper '__getattribute__' of attributeSetter object at 0x7fc942d1f130>, bitsMode=UNKNOWN, blendMode='avg', bpc=(8, 8, 8), color=array([0, 0, 0]), colorSpace='rgb', depthBits=8, fullscr=<method-wrapper '__getattribute__' of attributeSetter object at 0x7fc942975fa0>, gamma=None, gammaErrorPolicy='raise', lms=UNKNOWN, monitor=<psychopy.monitors.calibTools.Monitor object at 0x7fc94358d970>, multiSample=False, name='window1', numSamples=2, pos=[360.0, 225.0], screen=0, size=array([2880, 1800]), stencilBits=0, stereo=False, units='height', useFBO=True, useRetina=True, viewOri=0.0, viewPos=None, viewScale=None, waitBlanking=True, winType='pyglet')
8.6907 	EXP 	window1: mouseVisible = True
8.6908 	EXP 	window1: backgroundImage = ''
8.6908 	EXP 	window1: backgroundFit = 'none'
8.6919 	EXP 	window1: mouseVisible = False
8.6919 	EXP 	window1: Attempting to measure frame rate of screen (0) ...
8.6920 	EXP 	window1: recordFrameIntervals = False
8.7726 	EXP 	window1: recordFrameIntervals = True
9.6059 	WARNING 	Couldn't measure a consistent frame rate!
  - Is your graphics card set to sync to vertical blank?
  - Are you running other processes on your computer?

11.3699 	EXP 	Created Fixation = ShapeStim(__class__=<class 'psychopy.visual.shape.ShapeStim'>, anchor=('center', 'center'), autoDraw=False, autoLog=True, closeShape=True, color=method-wrapper(...), colorSpace='rgb', contrast=None, depth=0.0, fillColor=array([1, 1, 1]), fillColorSpace='rgb', fillRGB=array([1, 1, 1]), interpolate=True, lineColor=array([1., 1., 1.]), lineColorSpace='rgb', lineRGB=array([1, 1, 1]), lineWidth=1.0, name='Fixation', opacity=1.0, ori=0.0, pos=array([0., 0.]), size=array([0.05, 0.05]), units='height', vertices=ndarray(...), win=Window(...), windingRule=None)
11.3749 	EXP 	Created text = TextStim(__class__=<class 'psychopy.visual.text.TextStim'>, alignHoriz=method-wrapper(...), alignText='center', alignVert=method-wrapper(...), anchorHoriz='center', anchorVert='center', antialias=True, autoDraw=False, autoLog=True, bold=False, color=array([1., 1., 1.]), colorSpace='rgb', contrast=1.0, depth=-1.0, flipHoriz=False, flipVert=False, font='Open Sans', fontFiles=[], height=0.05, italic=False, languageStyle='LTR', name='text', opacity=1.0, ori=0.0, pos=array([0., 0.]), rgb=UNKNOWN, text='', units='height', win=Window(...), wrapWidth=1)
11.3856 	EXP 	Imported delay_discounting_conditions.xlsx as conditions, 100 conditions, 3 params
11.3869 	EXP 	Created sequence: random, trialTypes=100, nReps=1, seed=None
11.3871 	EXP 	New trial (rep=0, index=0): {'reward_today': 23, 'future_reward': 33, 'delay': 98}
11.4200 	WARNING 	t of last frame was 1814.46ms (=1/0)
11.4200 	EXP 	text: height = 0.05
11.4200 	EXP 	text: height = 0.05
11.4200 	EXP 	text: height = 0.05
11.4200 	EXP 	text: text = 'GBP 23 today or GBP 33 after 98 days'
11.4200 	EXP 	Fixation: autoDraw = True
12.3724 	EXP 	text: autoDraw = True
12.4108 	EXP 	Fixation: autoDraw = False
12.7627 	EXP 	New trial (rep=0, index=1): {'reward_today': 48, 'future_reward': 52, 'delay': 50}
12.7762 	DATA 	Keypress: l
12.7820 	WARNING 	t of last frame was 53.47ms (=1/18)
12.7820 	EXP 	Fixation: autoDraw = False
12.7820 	EXP 	text: autoDraw = False
12.7820 	EXP 	text: height = 0.05
12.7820 	EXP 	text: height = 0.05
12.7820 	EXP 	text: height = 0.05
12.7820 	EXP 	text: text = 'GBP 48 today or GBP 52 after 50 days'
12.7820 	EXP 	Fixation: autoDraw = True
13.7645 	EXP 	text: autoDraw = True
13.7715 	EXP 	Fixation: autoDraw = False
14.0469 	EXP 	New trial (rep=0, index=2): {'reward_today': 21, 'future_reward': 45, 'delay': 79}
14.0652 	DATA 	Keypress: l
14.0704 	WARNING 	t of last frame was 25.25ms (=1/39)
14.0704 	EXP 	Fixation: autoDraw = False
14.0704 	EXP 	text: autoDraw = False
14.0704 	EXP 	text: height = 0.05
14.0704 	EXP 	text: height = 0.05
14.0704 	EXP 	text: height = 0.05
14.0704 	EXP 	text: text = 'GBP 21 today or GBP 45 after 79 days'
14.0704 	EXP 	Fixation: autoDraw = True
15.0471 	EXP 	text: autoDraw = True
15.0613 	EXP 	Fixation: autoDraw = False
15.3577 	EXP 	New trial (rep=0, index=3): {'reward_today': 45, 'future_reward': 79, 'delay': 50}
15.3665 	DATA 	Keypress: l
15.3718 	EXP 	Fixation: autoDraw = False
15.3718 	EXP 	text: autoDraw = False
15.3718 	EXP 	text: height = 0.05
15.3718 	EXP 	text: height = 0.05
15.3718 	EXP 	text: height = 0.05
15.3718 	EXP 	text: text = 'GBP 45 today or GBP 79 after 50 days'
15.3718 	EXP 	Fixation: autoDraw = True
16.3551 	EXP 	text: autoDraw = True
16.3618 	EXP 	Fixation: autoDraw = False
16.5966 	EXP 	New trial (rep=0, index=4): {'reward_today': 11, 'future_reward': 51, 'delay': 87}
16.6066 	DATA 	Keypress: l
16.6113 	EXP 	Fixation: autoDraw = False
16.6113 	EXP 	text: autoDraw = False
16.6113 	EXP 	text: height = 0.05
16.6113 	EXP 	text: height = 0.05
16.6113 	EXP 	text: height = 0.05
16.6113 	EXP 	text: text = 'GBP 11 today or GBP 51 after 87 days'
16.6113 	EXP 	Fixation: autoDraw = True
17.5884 	EXP 	text: autoDraw = True
17.6051 	EXP 	Fixation: autoDraw = False
17.8633 	EXP 	New trial (rep=0, index=5): {'reward_today': 22, 'future_reward': 60, 'delay': 46}
17.8746 	DATA 	Keypress: l
17.8792 	EXP 	Fixation: autoDraw = False
17.8792 	EXP 	text: autoDraw = False
17.8792 	EXP 	text: height = 0.05
17.8792 	EXP 	text: height = 0.05
17.8792 	EXP 	text: height = 0.05
17.8792 	EXP 	text: text = 'GBP 22 today or GBP 60 after 46 days'
17.8792 	EXP 	Fixation: autoDraw = True
18.8638 	EXP 	text: autoDraw = True
18.8718 	EXP 	Fixation: autoDraw = False
19.0903 	EXP 	New trial (rep=0, index=6): {'reward_today': 48, 'future_reward': 62, 'delay': 12}
19.1008 	DATA 	Keypress: l
19.1059 	EXP 	Fixation: autoDraw = False
19.1059 	EXP 	text: autoDraw = False
19.1059 	EXP 	text: height = 0.05
19.1059 	EXP 	text: height = 0.05
19.1059 	EXP 	text: height = 0.05
19.1059 	EXP 	text: text = 'GBP 48 today or GBP 62 after 12 days'
19.1059 	EXP 	Fixation: autoDraw = True
20.0884 	EXP 	text: autoDraw = True
20.0952 	EXP 	Fixation: autoDraw = False
20.3403 	EXP 	New trial (rep=0, index=7): {'reward_today': 17, 'future_reward': 86, 'delay': 18}
20.3498 	DATA 	Keypress: l
20.3547 	EXP 	Fixation: autoDraw = False
20.3547 	EXP 	text: autoDraw = False
20.3547 	EXP 	text: height = 0.05
20.3547 	EXP 	text: height = 0.05
20.3547 	EXP 	text: height = 0.05
20.3547 	EXP 	text: text = 'GBP 17 today or GBP 86 after 18 days'
20.3547 	EXP 	Fixation: autoDraw = True
21.3385 	EXP 	text: autoDraw = True
21.3452 	EXP 	Fixation: autoDraw = False
21.6071 	EXP 	New trial (rep=0, index=8): {'reward_today': 40, 'future_reward': 55, 'delay': 62}
21.6163 	DATA 	Keypress: l
21.6212 	EXP 	Fixation: autoDraw = False
21.6212 	EXP 	text: autoDraw = False
21.6212 	EXP 	text: height = 0.05
21.6212 	EXP 	text: height = 0.05
21.6212 	EXP 	text: height = 0.05
21.6212 	EXP 	text: text = 'GBP 40 today or GBP 55 after 62 days'
21.6212 	EXP 	Fixation: autoDraw = True
22.6057 	EXP 	text: autoDraw = True
22.6132 	EXP 	Fixation: autoDraw = False
22.9241 	EXP 	New trial (rep=0, index=9): {'reward_today': 47, 'future_reward': 74, 'delay': 27}
22.9340 	DATA 	Keypress: l
22.9390 	EXP 	Fixation: autoDraw = False
22.9390 	EXP 	text: autoDraw = False
22.9390 	EXP 	text: height = 0.05
22.9390 	EXP 	text: height = 0.05
22.9390 	EXP 	text: height = 0.05
22.9390 	EXP 	text: text = 'GBP 47 today or GBP 74 after 27 days'
22.9390 	EXP 	Fixation: autoDraw = True
23.9220 	EXP 	text: autoDraw = True
23.9287 	EXP 	Fixation: autoDraw = False
24.2139 	EXP 	New trial (rep=0, index=10): {'reward_today': 17, 'future_reward': 46, 'delay': 24}
24.2231 	DATA 	Keypress: l
24.2278 	EXP 	Fixation: autoDraw = False
24.2278 	EXP 	text: autoDraw = False
24.2278 	EXP 	text: height = 0.05
24.2278 	EXP 	text: height = 0.05
24.2278 	EXP 	text: height = 0.05
24.2278 	EXP 	text: text = 'GBP 17 today or GBP 46 after 24 days'
24.2278 	EXP 	Fixation: autoDraw = True
25.2140 	EXP 	text: autoDraw = True
25.2213 	EXP 	Fixation: autoDraw = False
25.5741 	EXP 	New trial (rep=0, index=11): {'reward_today': 31, 'future_reward': 49, 'delay': 83}
25.5833 	DATA 	Keypress: l
25.5885 	EXP 	Fixation: autoDraw = False
25.5885 	EXP 	text: autoDraw = False
25.5885 	EXP 	text: height = 0.05
25.5885 	EXP 	text: height = 0.05
25.5885 	EXP 	text: height = 0.05
25.5885 	EXP 	text: text = 'GBP 31 today or GBP 49 after 83 days'
25.5885 	EXP 	Fixation: autoDraw = True
26.5720 	EXP 	text: autoDraw = True
26.5788 	EXP 	Fixation: autoDraw = False
26.8404 	EXP 	New trial (rep=0, index=12): {'reward_today': 17, 'future_reward': 57, 'delay': 93}
26.8508 	DATA 	Keypress: t
26.8560 	EXP 	Fixation: autoDraw = False
26.8560 	EXP 	text: autoDraw = False
26.8560 	EXP 	text: height = 0.05
26.8560 	EXP 	text: height = 0.05
26.8560 	EXP 	text: height = 0.05
26.8560 	EXP 	text: text = 'GBP 17 today or GBP 57 after 93 days'
26.8560 	EXP 	Fixation: autoDraw = True
27.8313 	EXP 	text: autoDraw = True
27.8458 	EXP 	Fixation: autoDraw = False
28.1305 	EXP 	New trial (rep=0, index=13): {'reward_today': 15, 'future_reward': 73, 'delay': 94}
28.1404 	DATA 	Keypress: t
28.1454 	EXP 	Fixation: autoDraw = False
28.1454 	EXP 	text: autoDraw = False
28.1454 	EXP 	text: height = 0.05
28.1454 	EXP 	text: height = 0.05
28.1454 	EXP 	text: height = 0.05
28.1454 	EXP 	text: text = 'GBP 15 today or GBP 73 after 94 days'
28.1454 	EXP 	Fixation: autoDraw = True
29.1315 	EXP 	text: autoDraw = True
29.1384 	EXP 	Fixation: autoDraw = False
29.5072 	EXP 	New trial (rep=0, index=14): {'reward_today': 30, 'future_reward': 77, 'delay': 57}
29.5171 	DATA 	Keypress: t
29.5218 	EXP 	Fixation: autoDraw = False
29.5218 	EXP 	text: autoDraw = False
29.5218 	EXP 	text: height = 0.05
29.5218 	EXP 	text: height = 0.05
29.5218 	EXP 	text: height = 0.05
29.5218 	EXP 	text: text = 'GBP 30 today or GBP 77 after 57 days'
29.5218 	EXP 	Fixation: autoDraw = True
30.5054 	EXP 	text: autoDraw = True
30.5125 	EXP 	Fixation: autoDraw = False
30.7740 	EXP 	New trial (rep=0, index=15): {'reward_today': 28, 'future_reward': 66, 'delay': 30}
30.7842 	DATA 	Keypress: t
30.7894 	EXP 	Fixation: autoDraw = False
30.7894 	EXP 	text: autoDraw = False
30.7894 	EXP 	text: height = 0.05
30.7894 	EXP 	text: height = 0.05
30.7894 	EXP 	text: height = 0.05
30.7894 	EXP 	text: text = 'GBP 28 today or GBP 66 after 30 days'
30.7894 	EXP 	Fixation: autoDraw = True
31.7723 	EXP 	text: autoDraw = True
31.7789 	EXP 	Fixation: autoDraw = False
32.0907 	EXP 	New trial (rep=0, index=16): {'reward_today': 26, 'future_reward': 42, 'delay': 38}
32.1006 	DATA 	Keypress: t
32.1058 	EXP 	Fixation: autoDraw = False
32.1058 	EXP 	text: autoDraw = False
32.1058 	EXP 	text: height = 0.05
32.1058 	EXP 	text: height = 0.05
32.1058 	EXP 	text: height = 0.05
32.1058 	EXP 	text: text = 'GBP 26 today or GBP 42 after 38 days'
32.1058 	EXP 	Fixation: autoDraw = True
33.0810 	EXP 	text: autoDraw = True
33.0951 	EXP 	Fixation: autoDraw = False
33.3908 	EXP 	New trial (rep=0, index=17): {'reward_today': 39, 'future_reward': 88, 'delay': 37}
33.3997 	DATA 	Keypress: t
33.4045 	EXP 	Fixation: autoDraw = False
33.4045 	EXP 	text: autoDraw = False
33.4045 	EXP 	text: height = 0.05
33.4045 	EXP 	text: height = 0.05
33.4045 	EXP 	text: height = 0.05
33.4045 	EXP 	text: text = 'GBP 39 today or GBP 88 after 37 days'
33.4045 	EXP 	Fixation: autoDraw = True
34.3890 	EXP 	text: autoDraw = True
34.3959 	EXP 	Fixation: autoDraw = False
34.7806 	EXP 	New trial (rep=0, index=18): {'reward_today': 44, 'future_reward': 89, 'delay': 83}
34.7906 	DATA 	Keypress: t
34.7956 	EXP 	Fixation: autoDraw = False
34.7956 	EXP 	text: autoDraw = False
34.7956 	EXP 	text: height = 0.05
34.7956 	EXP 	text: height = 0.05
34.7956 	EXP 	text: height = 0.05
34.7956 	EXP 	text: text = 'GBP 44 today or GBP 89 after 83 days'
34.7956 	EXP 	Fixation: autoDraw = True
35.7809 	EXP 	text: autoDraw = True
35.7890 	EXP 	Fixation: autoDraw = False
36.0651 	EXP 	New trial (rep=0, index=19): {'reward_today': 31, 'future_reward': 76, 'delay': 52}
36.0745 	DATA 	Keypress: l
36.0791 	EXP 	Fixation: autoDraw = False
36.0791 	EXP 	text: autoDraw = False
36.0791 	EXP 	text: height = 0.05
36.0791 	EXP 	text: height = 0.05
36.0791 	EXP 	text: height = 0.05
36.0791 	EXP 	text: text = 'GBP 31 today or GBP 76 after 52 days'
36.0791 	EXP 	Fixation: autoDraw = True
37.0644 	EXP 	text: autoDraw = True
37.0724 	EXP 	Fixation: autoDraw = False
37.3073 	EXP 	New trial (rep=0, index=20): {'reward_today': 33, 'future_reward': 55, 'delay': 60}
37.3177 	DATA 	Keypress: l
37.3229 	EXP 	Fixation: autoDraw = False
37.3229 	EXP 	text: autoDraw = False
37.3229 	EXP 	text: height = 0.05
37.3229 	EXP 	text: height = 0.05
37.3229 	EXP 	text: height = 0.05
37.3229 	EXP 	text: text = 'GBP 33 today or GBP 55 after 60 days'
37.3229 	EXP 	Fixation: autoDraw = True
38.2976 	EXP 	text: autoDraw = True
38.3117 	EXP 	Fixation: autoDraw = False
38.6138 	EXP 	New trial (rep=0, index=21): {'reward_today': 13, 'future_reward': 59, 'delay': 10}
38.6236 	DATA 	Keypress: l
38.6283 	EXP 	Fixation: autoDraw = False
38.6283 	EXP 	text: autoDraw = False
38.6283 	EXP 	text: height = 0.05
38.6283 	EXP 	text: height = 0.05
38.6283 	EXP 	text: height = 0.05
38.6283 	EXP 	text: text = 'GBP 13 today or GBP 59 after 10 days'
38.6283 	EXP 	Fixation: autoDraw = True
39.6145 	EXP 	text: autoDraw = True
39.6225 	EXP 	Fixation: autoDraw = False
39.9743 	EXP 	New trial (rep=0, index=22): {'reward_today': 49, 'future_reward': 63, 'delay': 63}
39.9841 	DATA 	Keypress: l
39.9893 	EXP 	Fixation: autoDraw = False
39.9893 	EXP 	text: autoDraw = False
39.9893 	EXP 	text: height = 0.05
39.9893 	EXP 	text: height = 0.05
39.9893 	EXP 	text: height = 0.05
39.9893 	EXP 	text: text = 'GBP 49 today or GBP 63 after 63 days'
39.9893 	EXP 	Fixation: autoDraw = True
40.9725 	EXP 	text: autoDraw = True
40.9791 	EXP 	Fixation: autoDraw = False
41.2155 	EXP 	New trial (rep=0, index=23): {'reward_today': 19, 'future_reward': 86, 'delay': 45}
41.2257 	DATA 	Keypress: t
41.2307 	EXP 	Fixation: autoDraw = False
41.2307 	EXP 	text: autoDraw = False
41.2307 	EXP 	text: height = 0.05
41.2307 	EXP 	text: height = 0.05
41.2307 	EXP 	text: height = 0.05
41.2307 	EXP 	text: text = 'GBP 19 today or GBP 86 after 45 days'
41.2307 	EXP 	Fixation: autoDraw = True
42.2156 	EXP 	text: autoDraw = True
42.2225 	EXP 	Fixation: autoDraw = False
42.5908 	EXP 	New trial (rep=0, index=24): {'reward_today': 39, 'future_reward': 83, 'delay': 10}
42.6012 	DATA 	Keypress: l
42.6063 	EXP 	Fixation: autoDraw = False
42.6063 	EXP 	text: autoDraw = False
42.6063 	EXP 	text: height = 0.05
42.6063 	EXP 	text: height = 0.05
42.6063 	EXP 	text: height = 0.05
42.6063 	EXP 	text: text = 'GBP 39 today or GBP 83 after 10 days'
42.6063 	EXP 	Fixation: autoDraw = True
43.5813 	EXP 	text: autoDraw = True
43.5955 	EXP 	Fixation: autoDraw = False
43.9308 	EXP 	New trial (rep=0, index=25): {'reward_today': 24, 'future_reward': 81, 'delay': 15}
43.9409 	DATA 	Keypress: t
43.9458 	EXP 	Fixation: autoDraw = False
43.9458 	EXP 	text: autoDraw = False
43.9458 	EXP 	text: height = 0.05
43.9458 	EXP 	text: height = 0.05
43.9458 	EXP 	text: height = 0.05
43.9458 	EXP 	text: text = 'GBP 24 today or GBP 81 after 15 days'
43.9458 	EXP 	Fixation: autoDraw = True
44.9313 	EXP 	text: autoDraw = True
44.9393 	EXP 	Fixation: autoDraw = False
45.2981 	EXP 	New trial (rep=0, index=26): {'reward_today': 78, 'future_reward': 80, 'delay': 162}
45.3080 	DATA 	Keypress: l
45.3130 	EXP 	Fixation: autoDraw = False
45.3130 	EXP 	text: autoDraw = False
45.3130 	EXP 	text: height = 0.05
45.3130 	EXP 	text: height = 0.05
45.3130 	EXP 	text: height = 0.05
45.3130 	EXP 	text: text = 'GBP 78 today or GBP 80 after 162 days'
45.3130 	EXP 	Fixation: autoDraw = True
46.2978 	EXP 	text: autoDraw = True
46.3060 	EXP 	Fixation: autoDraw = False
46.6908 	EXP 	New trial (rep=0, index=27): {'reward_today': 21, 'future_reward': 53, 'delay': 54}
46.7006 	DATA 	Keypress: l
46.7055 	EXP 	Fixation: autoDraw = False
46.7055 	EXP 	text: autoDraw = False
46.7055 	EXP 	text: height = 0.05
46.7055 	EXP 	text: height = 0.05
46.7055 	EXP 	text: height = 0.05
46.7055 	EXP 	text: text = 'GBP 21 today or GBP 53 after 54 days'
46.7055 	EXP 	Fixation: autoDraw = True
47.6813 	EXP 	text: autoDraw = True
47.6955 	EXP 	Fixation: autoDraw = False
48.1478 	EXP 	New trial (rep=0, index=28): {'reward_today': 12, 'future_reward': 73, 'delay': 100}
48.1573 	DATA 	Keypress: l
48.1619 	EXP 	Fixation: autoDraw = False
48.1619 	EXP 	text: autoDraw = False
48.1619 	EXP 	text: height = 0.05
48.1619 	EXP 	text: height = 0.05
48.1619 	EXP 	text: height = 0.05
48.1619 	EXP 	text: text = 'GBP 12 today or GBP 73 after 100 days'
48.1619 	EXP 	Fixation: autoDraw = True
49.1394 	EXP 	text: autoDraw = True
49.1561 	EXP 	Fixation: autoDraw = False
49.4251 	EXP 	New trial (rep=0, index=29): {'reward_today': 35, 'future_reward': 37, 'delay': 86}
49.4350 	DATA 	Keypress: l
49.4402 	EXP 	Fixation: autoDraw = False
49.4402 	EXP 	text: autoDraw = False
49.4402 	EXP 	text: height = 0.05
49.4402 	EXP 	text: height = 0.05
49.4402 	EXP 	text: height = 0.05
49.4402 	EXP 	text: text = 'GBP 35 today or GBP 37 after 86 days'
49.4402 	EXP 	Fixation: autoDraw = True
50.4227 	EXP 	text: autoDraw = True
50.4295 	EXP 	Fixation: autoDraw = False
50.8251 	EXP 	New trial (rep=0, index=30): {'reward_today': 43, 'future_reward': 83, 'delay': 18}
50.8349 	DATA 	Keypress: l
50.8401 	EXP 	Fixation: autoDraw = False
50.8401 	EXP 	text: autoDraw = False
50.8401 	EXP 	text: height = 0.05
50.8401 	EXP 	text: height = 0.05
50.8401 	EXP 	text: height = 0.05
50.8401 	EXP 	text: text = 'GBP 43 today or GBP 83 after 18 days'
50.8401 	EXP 	Fixation: autoDraw = True
51.8228 	EXP 	text: autoDraw = True
51.8305 	EXP 	Fixation: autoDraw = False
52.2481 	EXP 	New trial (rep=0, index=31): {'reward_today': 18, 'future_reward': 20, 'delay': 44}
52.2575 	DATA 	Keypress: l
52.2626 	EXP 	Fixation: autoDraw = False
52.2626 	EXP 	text: autoDraw = False
52.2626 	EXP 	text: height = 0.05
52.2626 	EXP 	text: height = 0.05
52.2626 	EXP 	text: height = 0.05
52.2626 	EXP 	text: text = 'GBP 18 today or GBP 20 after 44 days'
52.2626 	EXP 	Fixation: autoDraw = True
53.2397 	EXP 	text: autoDraw = True
53.2562 	EXP 	Fixation: autoDraw = False
53.7149 	EXP 	New trial (rep=0, index=32): {'reward_today': 39, 'future_reward': 61, 'delay': 48}
53.7250 	DATA 	Keypress: l
53.7297 	EXP 	Fixation: autoDraw = False
53.7297 	EXP 	text: autoDraw = False
53.7297 	EXP 	text: height = 0.05
53.7297 	EXP 	text: height = 0.05
53.7297 	EXP 	text: height = 0.05
53.7297 	EXP 	text: text = 'GBP 39 today or GBP 61 after 48 days'
53.7297 	EXP 	Fixation: autoDraw = True
54.7062 	EXP 	text: autoDraw = True
54.7229 	EXP 	Fixation: autoDraw = False
55.0644 	EXP 	New trial (rep=0, index=33): {'reward_today': 33, 'future_reward': 78, 'delay': 97}
55.0743 	DATA 	Keypress: l
55.0792 	EXP 	Fixation: autoDraw = False
55.0792 	EXP 	text: autoDraw = False
55.0792 	EXP 	text: height = 0.05
55.0792 	EXP 	text: height = 0.05
55.0792 	EXP 	text: height = 0.05
55.0792 	EXP 	text: text = 'GBP 33 today or GBP 78 after 97 days'
55.0792 	EXP 	Fixation: autoDraw = True
56.0656 	EXP 	text: autoDraw = True
56.0723 	EXP 	Fixation: autoDraw = False
56.3987 	EXP 	New trial (rep=0, index=34): {'reward_today': 67, 'future_reward': 75, 'delay': 119}
56.4075 	DATA 	Keypress: l
56.4122 	EXP 	Fixation: autoDraw = False
56.4122 	EXP 	text: autoDraw = False
56.4122 	EXP 	text: height = 0.05
56.4122 	EXP 	text: height = 0.05
56.4122 	EXP 	text: height = 0.05
56.4122 	EXP 	text: text = 'GBP 67 today or GBP 75 after 119 days'
56.4122 	EXP 	Fixation: autoDraw = True
57.3989 	EXP 	text: autoDraw = True
57.4056 	EXP 	Fixation: autoDraw = False
57.6985 	EXP 	New trial (rep=0, index=35): {'reward_today': 13, 'future_reward': 88, 'delay': 47}
57.7081 	DATA 	Keypress: l
57.7132 	EXP 	Fixation: autoDraw = False
57.7132 	EXP 	text: autoDraw = False
57.7132 	EXP 	text: height = 0.05
57.7132 	EXP 	text: height = 0.05
57.7132 	EXP 	text: height = 0.05
57.7132 	EXP 	text: text = 'GBP 13 today or GBP 88 after 47 days'
57.7132 	EXP 	Fixation: autoDraw = True
58.6988 	EXP 	text: autoDraw = True
58.7056 	EXP 	Fixation: autoDraw = False
59.4813 	EXP 	New trial (rep=0, index=36): {'reward_today': 13, 'future_reward': 22, 'delay': 66}
59.4913 	DATA 	Keypress: t
59.4963 	EXP 	Fixation: autoDraw = False
59.4963 	EXP 	text: autoDraw = False
59.4963 	EXP 	text: height = 0.05
59.4963 	EXP 	text: height = 0.05
59.4963 	EXP 	text: height = 0.05
59.4963 	EXP 	text: text = 'GBP 13 today or GBP 22 after 66 days'
59.4963 	EXP 	Fixation: autoDraw = True
60.4816 	EXP 	text: autoDraw = True
60.4889 	EXP 	Fixation: autoDraw = False
60.8250 	EXP 	New trial (rep=0, index=37): {'reward_today': 37, 'future_reward': 60, 'delay': 17}
60.8351 	DATA 	Keypress: t
60.8403 	EXP 	Fixation: autoDraw = False
60.8403 	EXP 	text: autoDraw = False
60.8403 	EXP 	text: height = 0.05
60.8403 	EXP 	text: height = 0.05
60.8403 	EXP 	text: height = 0.05
60.8403 	EXP 	text: text = 'GBP 37 today or GBP 60 after 17 days'
60.8403 	EXP 	Fixation: autoDraw = True
61.8222 	EXP 	text: autoDraw = True
61.8400 	EXP 	Fixation: autoDraw = False
62.3085 	EXP 	New trial (rep=0, index=38): {'reward_today': 20, 'future_reward': 69, 'delay': 51}
62.3187 	DATA 	Keypress: t
62.3238 	EXP 	Fixation: autoDraw = False
62.3238 	EXP 	text: autoDraw = False
62.3238 	EXP 	text: height = 0.05
62.3238 	EXP 	text: height = 0.05
62.3238 	EXP 	text: height = 0.05
62.3238 	EXP 	text: text = 'GBP 20 today or GBP 69 after 51 days'
62.3238 	EXP 	Fixation: autoDraw = True
63.3065 	EXP 	text: autoDraw = True
63.3132 	EXP 	Fixation: autoDraw = False
64.1584 	EXP 	New trial (rep=0, index=39): {'reward_today': 45, 'future_reward': 64, 'delay': 100}
64.1676 	DATA 	Keypress: t
64.1727 	EXP 	Fixation: autoDraw = False
64.1727 	EXP 	text: autoDraw = False
64.1727 	EXP 	text: height = 0.05
64.1727 	EXP 	text: height = 0.05
64.1727 	EXP 	text: height = 0.05
64.1727 	EXP 	text: text = 'GBP 45 today or GBP 64 after 100 days'
64.1727 	EXP 	Fixation: autoDraw = True
65.1488 	EXP 	text: autoDraw = True
65.1634 	EXP 	Fixation: autoDraw = False
65.5318 	EXP 	New trial (rep=0, index=40): {'reward_today': 20, 'future_reward': 57, 'delay': 31}
65.5412 	DATA 	Keypress: l
65.5462 	EXP 	Fixation: autoDraw = False
65.5462 	EXP 	text: autoDraw = False
65.5462 	EXP 	text: height = 0.05
65.5462 	EXP 	text: height = 0.05
65.5462 	EXP 	text: height = 0.05
65.5462 	EXP 	text: text = 'GBP 20 today or GBP 57 after 31 days'
65.5462 	EXP 	Fixation: autoDraw = True
66.5235 	EXP 	text: autoDraw = True
66.5399 	EXP 	Fixation: autoDraw = False
66.9591 	EXP 	New trial (rep=0, index=41): {'reward_today': 38, 'future_reward': 40, 'delay': 59}
66.9701 	DATA 	Keypress: l
66.9750 	EXP 	Fixation: autoDraw = False
66.9750 	EXP 	text: autoDraw = False
66.9750 	EXP 	text: height = 0.05
66.9750 	EXP 	text: height = 0.05
66.9750 	EXP 	text: height = 0.05
66.9750 	EXP 	text: text = 'GBP 38 today or GBP 40 after 59 days'
66.9750 	EXP 	Fixation: autoDraw = True
67.9568 	EXP 	text: autoDraw = True
67.9733 	EXP 	Fixation: autoDraw = False
68.4085 	EXP 	New trial (rep=0, index=42): {'reward_today': 12, 'future_reward': 50, 'delay': 52}
68.4183 	DATA 	Keypress: l
68.4234 	EXP 	Fixation: autoDraw = False
68.4234 	EXP 	text: autoDraw = False
68.4234 	EXP 	text: height = 0.05
68.4234 	EXP 	text: height = 0.05
68.4234 	EXP 	text: height = 0.05
68.4234 	EXP 	text: text = 'GBP 12 today or GBP 50 after 52 days'
68.4234 	EXP 	Fixation: autoDraw = True
69.4067 	EXP 	text: autoDraw = True
69.4142 	EXP 	Fixation: autoDraw = False
69.8149 	EXP 	New trial (rep=0, index=43): {'reward_today': 44, 'future_reward': 55, 'delay': 65}
69.8251 	DATA 	Keypress: l
69.8298 	EXP 	Fixation: autoDraw = False
69.8298 	EXP 	text: autoDraw = False
69.8298 	EXP 	text: height = 0.05
69.8298 	EXP 	text: height = 0.05
69.8298 	EXP 	text: height = 0.05
69.8298 	EXP 	text: text = 'GBP 44 today or GBP 55 after 65 days'
69.8298 	EXP 	Fixation: autoDraw = True
70.8160 	EXP 	text: autoDraw = True
70.8226 	EXP 	Fixation: autoDraw = False
71.0591 	EXP 	New trial (rep=0, index=44): {'reward_today': 10, 'future_reward': 77, 'delay': 19}
71.0691 	DATA 	Keypress: l
71.0741 	EXP 	Fixation: autoDraw = False
71.0741 	EXP 	text: autoDraw = False
71.0741 	EXP 	text: height = 0.05
71.0741 	EXP 	text: height = 0.05
71.0741 	EXP 	text: height = 0.05
71.0741 	EXP 	text: text = 'GBP 10 today or GBP 77 after 19 days'
71.0741 	EXP 	Fixation: autoDraw = True
72.0568 	EXP 	text: autoDraw = True
72.0636 	EXP 	Fixation: autoDraw = False
72.6420 	EXP 	New trial (rep=0, index=45): {'reward_today': 44, 'future_reward': 69, 'delay': 85}
72.6515 	DATA 	Keypress: l
72.6567 	EXP 	Fixation: autoDraw = False
72.6567 	EXP 	text: autoDraw = False
72.6567 	EXP 	text: height = 0.05
72.6567 	EXP 	text: height = 0.05
72.6567 	EXP 	text: height = 0.05
72.6567 	EXP 	text: text = 'GBP 44 today or GBP 69 after 85 days'
72.6567 	EXP 	Fixation: autoDraw = True
73.6402 	EXP 	text: autoDraw = True
73.6468 	EXP 	Fixation: autoDraw = False
74.1481 	EXP 	New trial (rep=0, index=46): {'reward_today': 26, 'future_reward': 34, 'delay': 47}
74.1580 	DATA 	Keypress: l
74.1629 	EXP 	Fixation: autoDraw = False
74.1629 	EXP 	text: autoDraw = False
74.1629 	EXP 	text: height = 0.05
74.1629 	EXP 	text: height = 0.05
74.1629 	EXP 	text: height = 0.05
74.1629 	EXP 	text: text = 'GBP 26 today or GBP 34 after 47 days'
74.1629 	EXP 	Fixation: autoDraw = True
75.1403 	EXP 	text: autoDraw = True
75.1569 	EXP 	Fixation: autoDraw = False
75.6086 	EXP 	New trial (rep=0, index=47): {'reward_today': 35, 'future_reward': 72, 'delay': 49}
75.6190 	DATA 	Keypress: l
75.6242 	EXP 	Fixation: autoDraw = False
75.6242 	EXP 	text: autoDraw = False
75.6242 	EXP 	text: height = 0.05
75.6242 	EXP 	text: height = 0.05
75.6242 	EXP 	text: height = 0.05
75.6242 	EXP 	text: text = 'GBP 35 today or GBP 72 after 49 days'
75.6242 	EXP 	Fixation: autoDraw = True
76.5995 	EXP 	text: autoDraw = True
76.6135 	EXP 	Fixation: autoDraw = False
77.4588 	EXP 	New trial (rep=0, index=48): {'reward_today': 15, 'future_reward': 55, 'delay': 56}
77.4687 	DATA 	Keypress: l
77.4737 	EXP 	Fixation: autoDraw = False
77.4737 	EXP 	text: autoDraw = False
77.4737 	EXP 	text: height = 0.05
77.4737 	EXP 	text: height = 0.05
77.4737 	EXP 	text: height = 0.05
77.4737 	EXP 	text: text = 'GBP 15 today or GBP 55 after 56 days'
77.4737 	EXP 	Fixation: autoDraw = True
78.4570 	EXP 	text: autoDraw = True
78.4636 	EXP 	Fixation: autoDraw = False
78.9259 	EXP 	New trial (rep=0, index=49): {'reward_today': 42, 'future_reward': 72, 'delay': 98}
78.9367 	DATA 	Keypress: l
78.9418 	EXP 	Fixation: autoDraw = False
78.9418 	EXP 	text: autoDraw = False
78.9418 	EXP 	text: height = 0.05
78.9418 	EXP 	text: height = 0.05
78.9418 	EXP 	text: height = 0.05
78.9418 	EXP 	text: text = 'GBP 42 today or GBP 72 after 98 days'
78.9418 	EXP 	Fixation: autoDraw = True
79.9237 	EXP 	text: autoDraw = True
79.9404 	EXP 	Fixation: autoDraw = False
80.5256 	EXP 	New trial (rep=0, index=50): {'reward_today': 28, 'future_reward': 32, 'delay': 43}
80.5358 	DATA 	Keypress: l
80.5409 	EXP 	Fixation: autoDraw = False
80.5409 	EXP 	text: autoDraw = False
80.5409 	EXP 	text: height = 0.05
80.5409 	EXP 	text: height = 0.05
80.5409 	EXP 	text: height = 0.05
80.5409 	EXP 	text: text = 'GBP 28 today or GBP 32 after 43 days'
80.5409 	EXP 	Fixation: autoDraw = True
81.5238 	EXP 	text: autoDraw = True
81.5314 	EXP 	Fixation: autoDraw = False
81.9421 	EXP 	New trial (rep=0, index=51): {'reward_today': 27, 'future_reward': 57, 'delay': 18}
81.9525 	DATA 	Keypress: l
81.9573 	EXP 	Fixation: autoDraw = False
81.9573 	EXP 	text: autoDraw = False
81.9573 	EXP 	text: height = 0.05
81.9573 	EXP 	text: height = 0.05
81.9573 	EXP 	text: height = 0.05
81.9573 	EXP 	text: text = 'GBP 27 today or GBP 57 after 18 days'
81.9573 	EXP 	Fixation: autoDraw = True
82.9405 	EXP 	text: autoDraw = True
82.9476 	EXP 	Fixation: autoDraw = False
83.3256 	EXP 	New trial (rep=0, index=52): {'reward_today': 12, 'future_reward': 21, 'delay': 97}
83.3353 	DATA 	Keypress: l
83.3405 	EXP 	Fixation: autoDraw = False
83.3405 	EXP 	text: autoDraw = False
83.3405 	EXP 	text: height = 0.05
83.3405 	EXP 	text: height = 0.05
83.3405 	EXP 	text: height = 0.05
83.3405 	EXP 	text: text = 'GBP 12 today or GBP 21 after 97 days'
83.3405 	EXP 	Fixation: autoDraw = True
84.3238 	EXP 	text: autoDraw = True
84.3305 	EXP 	Fixation: autoDraw = False
84.6491 	EXP 	New trial (rep=0, index=53): {'reward_today': 41, 'future_reward': 74, 'delay': 65}
84.6589 	DATA 	Keypress: l
84.6639 	EXP 	Fixation: autoDraw = False
84.6639 	EXP 	text: autoDraw = False
84.6639 	EXP 	text: height = 0.05
84.6639 	EXP 	text: height = 0.05
84.6639 	EXP 	text: height = 0.05
84.6639 	EXP 	text: text = 'GBP 41 today or GBP 74 after 65 days'
84.6639 	EXP 	Fixation: autoDraw = True
85.6498 	EXP 	text: autoDraw = True
85.6568 	EXP 	Fixation: autoDraw = False
85.9658 	EXP 	New trial (rep=0, index=54): {'reward_today': 28, 'future_reward': 50, 'delay': 94}
85.9757 	DATA 	Keypress: l
85.9804 	EXP 	Fixation: autoDraw = False
85.9804 	EXP 	text: autoDraw = False
85.9804 	EXP 	text: height = 0.05
85.9804 	EXP 	text: height = 0.05
85.9804 	EXP 	text: height = 0.05
85.9804 	EXP 	text: text = 'GBP 28 today or GBP 50 after 94 days'
85.9804 	EXP 	Fixation: autoDraw = True
86.9658 	EXP 	text: autoDraw = True
86.9739 	EXP 	Fixation: autoDraw = False
87.2925 	EXP 	New trial (rep=0, index=55): {'reward_today': 29, 'future_reward': 48, 'delay': 7}
87.3033 	DATA 	Keypress: l
87.3084 	EXP 	Fixation: autoDraw = False
87.3084 	EXP 	text: autoDraw = False
87.3084 	EXP 	text: height = 0.05
87.3084 	EXP 	text: height = 0.05
87.3084 	EXP 	text: height = 0.05
87.3084 	EXP 	text: text = 'GBP 29 today or GBP 48 after 7 days'
87.3084 	EXP 	Fixation: autoDraw = True
88.2907 	EXP 	text: autoDraw = True
88.3072 	EXP 	Fixation: autoDraw = False
88.6654 	EXP 	New trial (rep=0, index=56): {'reward_today': 21, 'future_reward': 74, 'delay': 80}
88.6752 	DATA 	Keypress: l
88.6801 	EXP 	Fixation: autoDraw = False
88.6801 	EXP 	text: autoDraw = False
88.6801 	EXP 	text: height = 0.05
88.6801 	EXP 	text: height = 0.05
88.6801 	EXP 	text: height = 0.05
88.6801 	EXP 	text: text = 'GBP 21 today or GBP 74 after 80 days'
88.6801 	EXP 	Fixation: autoDraw = True
89.6572 	EXP 	text: autoDraw = True
89.6741 	EXP 	Fixation: autoDraw = False
89.9594 	EXP 	New trial (rep=0, index=57): {'reward_today': 45, 'future_reward': 52, 'delay': 30}
89.9695 	DATA 	Keypress: l
89.9747 	EXP 	Fixation: autoDraw = False
89.9747 	EXP 	text: autoDraw = False
89.9747 	EXP 	text: height = 0.05
89.9747 	EXP 	text: height = 0.05
89.9747 	EXP 	text: height = 0.05
89.9747 	EXP 	text: text = 'GBP 45 today or GBP 52 after 30 days'
89.9747 	EXP 	Fixation: autoDraw = True
90.9575 	EXP 	text: autoDraw = True
90.9641 	EXP 	Fixation: autoDraw = False
92.7488 	EXP 	New trial (rep=0, index=58): {'reward_today': 12, 'future_reward': 22, 'delay': 55}
92.7587 	DATA 	Keypress: l
92.7637 	EXP 	Fixation: autoDraw = False
92.7637 	EXP 	text: autoDraw = False
92.7637 	EXP 	text: height = 0.05
92.7637 	EXP 	text: height = 0.05
92.7637 	EXP 	text: height = 0.05
92.7637 	EXP 	text: text = 'GBP 12 today or GBP 22 after 55 days'
92.7637 	EXP 	Fixation: autoDraw = True
93.7409 	EXP 	text: autoDraw = True
93.7574 	EXP 	Fixation: autoDraw = False
94.0259 	EXP 	New trial (rep=0, index=59): {'reward_today': 23, 'future_reward': 81, 'delay': 80}
94.0361 	DATA 	Keypress: l
94.0413 	EXP 	Fixation: autoDraw = False
94.0413 	EXP 	text: autoDraw = False
94.0413 	EXP 	text: height = 0.05
94.0413 	EXP 	text: height = 0.05
94.0413 	EXP 	text: height = 0.05
94.0413 	EXP 	text: text = 'GBP 23 today or GBP 81 after 80 days'
94.0413 	EXP 	Fixation: autoDraw = True
95.0241 	EXP 	text: autoDraw = True
95.0317 	EXP 	Fixation: autoDraw = False
95.3429 	EXP 	New trial (rep=0, index=60): {'reward_today': 24, 'future_reward': 77, 'delay': 32}
95.3533 	DATA 	Keypress: l
95.3584 	EXP 	Fixation: autoDraw = False
95.3584 	EXP 	text: autoDraw = False
95.3584 	EXP 	text: height = 0.05
95.3584 	EXP 	text: height = 0.05
95.3584 	EXP 	text: height = 0.05
95.3584 	EXP 	text: text = 'GBP 24 today or GBP 77 after 32 days'
95.3584 	EXP 	Fixation: autoDraw = True
96.3410 	EXP 	text: autoDraw = True
96.3480 	EXP 	Fixation: autoDraw = False
96.6495 	EXP 	New trial (rep=0, index=61): {'reward_today': 21, 'future_reward': 69, 'delay': 28}
96.6590 	DATA 	Keypress: l
96.6637 	EXP 	Fixation: autoDraw = False
96.6637 	EXP 	text: autoDraw = False
96.6637 	EXP 	text: height = 0.05
96.6637 	EXP 	text: height = 0.05
96.6637 	EXP 	text: height = 0.05
96.6637 	EXP 	text: text = 'GBP 21 today or GBP 69 after 28 days'
96.6637 	EXP 	Fixation: autoDraw = True
97.6503 	EXP 	text: autoDraw = True
97.6570 	EXP 	Fixation: autoDraw = False
97.9429 	EXP 	New trial (rep=0, index=62): {'reward_today': 40, 'future_reward': 51, 'delay': 76}
97.9530 	DATA 	Keypress: t
97.9581 	EXP 	Fixation: autoDraw = False
97.9581 	EXP 	text: autoDraw = False
97.9581 	EXP 	text: height = 0.05
97.9581 	EXP 	text: height = 0.05
97.9581 	EXP 	text: height = 0.05
97.9581 	EXP 	text: text = 'GBP 40 today or GBP 51 after 76 days'
97.9581 	EXP 	Fixation: autoDraw = True
98.9409 	EXP 	text: autoDraw = True
98.9476 	EXP 	Fixation: autoDraw = False
99.2324 	EXP 	New trial (rep=0, index=63): {'reward_today': 44, 'future_reward': 76, 'delay': 95}
99.2426 	DATA 	Keypress: t
99.2472 	EXP 	Fixation: autoDraw = False
99.2472 	EXP 	text: autoDraw = False
99.2472 	EXP 	text: height = 0.05
99.2472 	EXP 	text: height = 0.05
99.2472 	EXP 	text: height = 0.05
99.2472 	EXP 	text: text = 'GBP 44 today or GBP 76 after 95 days'
99.2472 	EXP 	Fixation: autoDraw = True
100.2331 	EXP 	text: autoDraw = True
100.2409 	EXP 	Fixation: autoDraw = False
100.5763 	EXP 	New trial (rep=0, index=64): {'reward_today': 10, 'future_reward': 55, 'delay': 53}
100.5858 	DATA 	Keypress: l
100.5907 	EXP 	Fixation: autoDraw = False
100.5907 	EXP 	text: autoDraw = False
100.5907 	EXP 	text: height = 0.05
100.5907 	EXP 	text: height = 0.05
100.5907 	EXP 	text: height = 0.05
100.5907 	EXP 	text: text = 'GBP 10 today or GBP 55 after 53 days'
100.5907 	EXP 	Fixation: autoDraw = True
101.5745 	EXP 	text: autoDraw = True
101.5820 	EXP 	Fixation: autoDraw = False
101.9095 	EXP 	New trial (rep=0, index=65): {'reward_today': 14, 'future_reward': 64, 'delay': 24}
101.9200 	DATA 	Keypress: l
101.9252 	EXP 	Fixation: autoDraw = False
101.9252 	EXP 	text: autoDraw = False
101.9252 	EXP 	text: height = 0.05
101.9252 	EXP 	text: height = 0.05
101.9252 	EXP 	text: height = 0.05
101.9252 	EXP 	text: text = 'GBP 14 today or GBP 64 after 24 days'
101.9252 	EXP 	Fixation: autoDraw = True
102.9078 	EXP 	text: autoDraw = True
102.9145 	EXP 	Fixation: autoDraw = False
103.1663 	EXP 	New trial (rep=0, index=66): {'reward_today': 15, 'future_reward': 35, 'delay': 13}
103.1759 	DATA 	Keypress: l
103.1805 	EXP 	Fixation: autoDraw = False
103.1805 	EXP 	text: autoDraw = False
103.1805 	EXP 	text: height = 0.05
103.1805 	EXP 	text: height = 0.05
103.1805 	EXP 	text: height = 0.05
103.1805 	EXP 	text: text = 'GBP 15 today or GBP 35 after 13 days'
103.1805 	EXP 	Fixation: autoDraw = True
104.1577 	EXP 	text: autoDraw = True
104.1744 	EXP 	Fixation: autoDraw = False
104.4263 	EXP 	New trial (rep=0, index=67): {'reward_today': 27, 'future_reward': 50, 'delay': 21}
104.4360 	DATA 	Keypress: l
104.4412 	EXP 	Fixation: autoDraw = False
104.4412 	EXP 	text: autoDraw = False
104.4412 	EXP 	text: height = 0.05
104.4412 	EXP 	text: height = 0.05
104.4412 	EXP 	text: height = 0.05
104.4412 	EXP 	text: text = 'GBP 27 today or GBP 50 after 21 days'
104.4412 	EXP 	Fixation: autoDraw = True
105.4245 	EXP 	text: autoDraw = True
105.4312 	EXP 	Fixation: autoDraw = False
105.9932 	EXP 	New trial (rep=0, index=68): {'reward_today': 41, 'future_reward': 50, 'delay': 76}
106.0030 	DATA 	Keypress: l
106.0081 	EXP 	Fixation: autoDraw = False
106.0081 	EXP 	text: autoDraw = False
106.0081 	EXP 	text: height = 0.05
106.0081 	EXP 	text: height = 0.05
106.0081 	EXP 	text: height = 0.05
106.0081 	EXP 	text: text = 'GBP 41 today or GBP 50 after 76 days'
106.0081 	EXP 	Fixation: autoDraw = True
106.9912 	EXP 	text: autoDraw = True
106.9979 	EXP 	Fixation: autoDraw = False
107.4325 	EXP 	New trial (rep=0, index=69): {'reward_today': 44, 'future_reward': 67, 'delay': 11}
107.4391 	DATA 	Keypress: l
107.4434 	EXP 	Fixation: autoDraw = False
107.4434 	EXP 	text: autoDraw = False
107.4434 	EXP 	text: height = 0.05
107.4434 	EXP 	text: height = 0.05
107.4434 	EXP 	text: height = 0.05
107.4434 	EXP 	text: text = 'GBP 44 today or GBP 67 after 11 days'
107.4434 	EXP 	Fixation: autoDraw = True
108.4333 	EXP 	text: autoDraw = True
108.4412 	EXP 	Fixation: autoDraw = False
108.6160 	EXP 	New trial (rep=0, index=70): {'reward_today': 18, 'future_reward': 31, 'delay': 68}
108.6252 	DATA 	Keypress: t
108.6298 	EXP 	Fixation: autoDraw = False
108.6298 	EXP 	text: autoDraw = False
108.6298 	EXP 	text: height = 0.05
108.6298 	EXP 	text: height = 0.05
108.6298 	EXP 	text: height = 0.05
108.6298 	EXP 	text: text = 'GBP 18 today or GBP 31 after 68 days'
108.6298 	EXP 	Fixation: autoDraw = True
109.6166 	EXP 	text: autoDraw = True
109.6246 	EXP 	Fixation: autoDraw = False
110.3935 	EXP 	New trial (rep=0, index=71): {'reward_today': 19, 'future_reward': 56, 'delay': 76}
110.4045 	DATA 	Keypress: t
110.4097 	EXP 	Fixation: autoDraw = False
110.4097 	EXP 	text: autoDraw = False
110.4097 	EXP 	text: height = 0.05
110.4097 	EXP 	text: height = 0.05
110.4097 	EXP 	text: height = 0.05
110.4097 	EXP 	text: text = 'GBP 19 today or GBP 56 after 76 days'
110.4097 	EXP 	Fixation: autoDraw = True
111.3904 	EXP 	text: autoDraw = True
111.4082 	EXP 	Fixation: autoDraw = False
111.8265 	EXP 	New trial (rep=0, index=72): {'reward_today': 26, 'future_reward': 38, 'delay': 25}
111.8363 	DATA 	Keypress: t
111.8415 	EXP 	Fixation: autoDraw = False
111.8415 	EXP 	text: autoDraw = False
111.8415 	EXP 	text: height = 0.05
111.8415 	EXP 	text: height = 0.05
111.8415 	EXP 	text: height = 0.05
111.8415 	EXP 	text: text = 'GBP 26 today or GBP 38 after 25 days'
111.8415 	EXP 	Fixation: autoDraw = True
112.8246 	EXP 	text: autoDraw = True
112.8313 	EXP 	Fixation: autoDraw = False
113.2268 	EXP 	New trial (rep=0, index=73): {'reward_today': 20, 'future_reward': 40, 'delay': 37}
113.2360 	DATA 	Keypress: t
113.2413 	EXP 	Fixation: autoDraw = False
113.2413 	EXP 	text: autoDraw = False
113.2413 	EXP 	text: height = 0.05
113.2413 	EXP 	text: height = 0.05
113.2413 	EXP 	text: height = 0.05
113.2413 	EXP 	text: text = 'GBP 20 today or GBP 40 after 37 days'
113.2413 	EXP 	Fixation: autoDraw = True
114.2249 	EXP 	text: autoDraw = True
114.2316 	EXP 	Fixation: autoDraw = False
114.5094 	EXP 	New trial (rep=0, index=74): {'reward_today': 43, 'future_reward': 61, 'delay': 41}
114.5197 	DATA 	Keypress: t
114.5250 	EXP 	Fixation: autoDraw = False
114.5250 	EXP 	text: autoDraw = False
114.5250 	EXP 	text: height = 0.05
114.5250 	EXP 	text: height = 0.05
114.5250 	EXP 	text: height = 0.05
114.5250 	EXP 	text: text = 'GBP 43 today or GBP 61 after 41 days'
114.5250 	EXP 	Fixation: autoDraw = True
115.5005 	EXP 	text: autoDraw = True
115.5149 	EXP 	Fixation: autoDraw = False
115.8266 	EXP 	New trial (rep=0, index=75): {'reward_today': 16, 'future_reward': 43, 'delay': 16}
115.8364 	DATA 	Keypress: l
115.8416 	EXP 	Fixation: autoDraw = False
115.8416 	EXP 	text: autoDraw = False
115.8416 	EXP 	text: height = 0.05
115.8416 	EXP 	text: height = 0.05
115.8416 	EXP 	text: height = 0.05
115.8416 	EXP 	text: text = 'GBP 16 today or GBP 43 after 16 days'
115.8416 	EXP 	Fixation: autoDraw = True
116.8239 	EXP 	text: autoDraw = True
116.8415 	EXP 	Fixation: autoDraw = False
117.1599 	EXP 	New trial (rep=0, index=76): {'reward_today': 34, 'future_reward': 68, 'delay': 39}
117.1689 	DATA 	Keypress: l
117.1742 	EXP 	Fixation: autoDraw = False
117.1742 	EXP 	text: autoDraw = False
117.1742 	EXP 	text: height = 0.05
117.1742 	EXP 	text: height = 0.05
117.1742 	EXP 	text: height = 0.05
117.1742 	EXP 	text: text = 'GBP 34 today or GBP 68 after 39 days'
117.1742 	EXP 	Fixation: autoDraw = True
118.1511 	EXP 	text: autoDraw = True
118.1749 	WARNING 	t of last frame was 23.82ms (=1/41)
118.1921 	EXP 	Fixation: autoDraw = False
118.4181 	EXP 	New trial (rep=0, index=77): {'reward_today': 44, 'future_reward': 70, 'delay': 81}
118.4286 	DATA 	Keypress: l
118.4336 	EXP 	Fixation: autoDraw = False
118.4336 	EXP 	text: autoDraw = False
118.4336 	EXP 	text: height = 0.05
118.4336 	EXP 	text: height = 0.05
118.4336 	EXP 	text: height = 0.05
118.4336 	EXP 	text: text = 'GBP 44 today or GBP 70 after 81 days'
118.4336 	EXP 	Fixation: autoDraw = True
119.4169 	EXP 	text: autoDraw = True
119.4249 	EXP 	Fixation: autoDraw = False
119.7435 	EXP 	New trial (rep=0, index=78): {'reward_today': 29, 'future_reward': 40, 'delay': 98}
119.7534 	DATA 	Keypress: l
119.7586 	EXP 	Fixation: autoDraw = False
119.7586 	EXP 	text: autoDraw = False
119.7586 	EXP 	text: height = 0.05
119.7586 	EXP 	text: height = 0.05
119.7586 	EXP 	text: height = 0.05
119.7586 	EXP 	text: text = 'GBP 29 today or GBP 40 after 98 days'
119.7586 	EXP 	Fixation: autoDraw = True
120.7416 	EXP 	text: autoDraw = True
120.7491 	EXP 	Fixation: autoDraw = False
121.1002 	EXP 	New trial (rep=0, index=79): {'reward_today': 14, 'future_reward': 45, 'delay': 96}
121.1100 	DATA 	Keypress: l
121.1150 	EXP 	Fixation: autoDraw = False
121.1150 	EXP 	text: autoDraw = False
121.1150 	EXP 	text: height = 0.05
121.1150 	EXP 	text: height = 0.05
121.1150 	EXP 	text: height = 0.05
121.1150 	EXP 	text: text = 'GBP 14 today or GBP 45 after 96 days'
121.1150 	EXP 	Fixation: autoDraw = True
122.1004 	EXP 	text: autoDraw = True
122.1084 	EXP 	Fixation: autoDraw = False
122.3768 	EXP 	New trial (rep=0, index=80): {'reward_today': 17, 'future_reward': 50, 'delay': 44}
122.3870 	DATA 	Keypress: l
122.3921 	EXP 	Fixation: autoDraw = False
122.3921 	EXP 	text: autoDraw = False
122.3921 	EXP 	text: height = 0.05
122.3921 	EXP 	text: height = 0.05
122.3921 	EXP 	text: height = 0.05
122.3921 	EXP 	text: text = 'GBP 17 today or GBP 50 after 44 days'
122.3921 	EXP 	Fixation: autoDraw = True
123.3671 	EXP 	text: autoDraw = True
123.3814 	EXP 	Fixation: autoDraw = False
123.6103 	EXP 	New trial (rep=0, index=81): {'reward_today': 34, 'future_reward': 71, 'delay': 18}
123.6201 	DATA 	Keypress: l
123.6251 	EXP 	Fixation: autoDraw = False
123.6251 	EXP 	text: autoDraw = False
123.6251 	EXP 	text: height = 0.05
123.6251 	EXP 	text: height = 0.05
123.6251 	EXP 	text: height = 0.05
123.6251 	EXP 	text: text = 'GBP 34 today or GBP 71 after 18 days'
123.6251 	EXP 	Fixation: autoDraw = True
124.6076 	EXP 	text: autoDraw = True
124.6147 	EXP 	Fixation: autoDraw = False
124.8437 	EXP 	New trial (rep=0, index=82): {'reward_today': 11, 'future_reward': 53, 'delay': 56}
124.8543 	DATA 	Keypress: l
124.8594 	EXP 	Fixation: autoDraw = False
124.8594 	EXP 	text: autoDraw = False
124.8594 	EXP 	text: height = 0.05
124.8594 	EXP 	text: height = 0.05
124.8594 	EXP 	text: height = 0.05
124.8594 	EXP 	text: text = 'GBP 11 today or GBP 53 after 56 days'
124.8594 	EXP 	Fixation: autoDraw = True
125.8417 	EXP 	text: autoDraw = True
125.8583 	EXP 	Fixation: autoDraw = False
126.2436 	EXP 	New trial (rep=0, index=83): {'reward_today': 24, 'future_reward': 86, 'delay': 43}
126.2535 	DATA 	Keypress: l
126.2587 	EXP 	Fixation: autoDraw = False
126.2587 	EXP 	text: autoDraw = False
126.2587 	EXP 	text: height = 0.05
126.2587 	EXP 	text: height = 0.05
126.2587 	EXP 	text: height = 0.05
126.2587 	EXP 	text: text = 'GBP 24 today or GBP 86 after 43 days'
126.2587 	EXP 	Fixation: autoDraw = True
127.2343 	EXP 	text: autoDraw = True
127.2491 	EXP 	Fixation: autoDraw = False
127.5606 	EXP 	New trial (rep=0, index=84): {'reward_today': 12, 'future_reward': 77, 'delay': 33}
127.5706 	DATA 	Keypress: l
127.5755 	EXP 	Fixation: autoDraw = False
127.5755 	EXP 	text: autoDraw = False
127.5755 	EXP 	text: height = 0.05
127.5755 	EXP 	text: height = 0.05
127.5755 	EXP 	text: height = 0.05
127.5755 	EXP 	text: text = 'GBP 12 today or GBP 77 after 33 days'
127.5755 	EXP 	Fixation: autoDraw = True
128.5585 	EXP 	text: autoDraw = True
128.5656 	EXP 	Fixation: autoDraw = False
128.9509 	EXP 	New trial (rep=0, index=85): {'reward_today': 40, 'future_reward': 47, 'delay': 94}
128.9602 	DATA 	Keypress: l
128.9648 	EXP 	Fixation: autoDraw = False
128.9648 	EXP 	text: autoDraw = False
128.9648 	EXP 	text: height = 0.05
128.9648 	EXP 	text: height = 0.05
128.9648 	EXP 	text: height = 0.05
128.9648 	EXP 	text: text = 'GBP 40 today or GBP 47 after 94 days'
128.9648 	EXP 	Fixation: autoDraw = True
129.9506 	EXP 	text: autoDraw = True
129.9577 	EXP 	Fixation: autoDraw = False
130.4609 	EXP 	New trial (rep=0, index=86): {'reward_today': 47, 'future_reward': 83, 'delay': 51}
130.4704 	DATA 	Keypress: l
130.4756 	EXP 	Fixation: autoDraw = False
130.4756 	EXP 	text: autoDraw = False
130.4756 	EXP 	text: height = 0.05
130.4756 	EXP 	text: height = 0.05
130.4756 	EXP 	text: height = 0.05
130.4756 	EXP 	text: text = 'GBP 47 today or GBP 83 after 51 days'
130.4756 	EXP 	Fixation: autoDraw = True
131.4578 	EXP 	text: autoDraw = True
131.4753 	EXP 	Fixation: autoDraw = False
131.7938 	EXP 	New trial (rep=0, index=87): {'reward_today': 43, 'future_reward': 87, 'delay': 70}
131.8027 	DATA 	Keypress: l
131.8077 	EXP 	Fixation: autoDraw = False
131.8077 	EXP 	text: autoDraw = False
131.8077 	EXP 	text: height = 0.05
131.8077 	EXP 	text: height = 0.05
131.8077 	EXP 	text: height = 0.05
131.8077 	EXP 	text: text = 'GBP 43 today or GBP 87 after 70 days'
131.8077 	EXP 	Fixation: autoDraw = True
132.7919 	EXP 	text: autoDraw = True
132.7985 	EXP 	Fixation: autoDraw = False
133.6771 	EXP 	New trial (rep=0, index=88): {'reward_today': 47, 'future_reward': 66, 'delay': 52}
133.6868 	DATA 	Keypress: l
133.6920 	EXP 	Fixation: autoDraw = False
133.6920 	EXP 	text: autoDraw = False
133.6920 	EXP 	text: height = 0.05
133.6920 	EXP 	text: height = 0.05
133.6920 	EXP 	text: height = 0.05
133.6920 	EXP 	text: text = 'GBP 47 today or GBP 66 after 52 days'
133.6920 	EXP 	Fixation: autoDraw = True
134.6753 	EXP 	text: autoDraw = True
134.6821 	EXP 	Fixation: autoDraw = False
134.9273 	EXP 	New trial (rep=0, index=89): {'reward_today': 11, 'future_reward': 30, 'delay': 7}
134.9368 	DATA 	Keypress: l
134.9421 	EXP 	Fixation: autoDraw = False
134.9421 	EXP 	text: autoDraw = False
134.9421 	EXP 	text: height = 0.05
134.9421 	EXP 	text: height = 0.05
134.9421 	EXP 	text: height = 0.05
134.9421 	EXP 	text: text = 'GBP 11 today or GBP 30 after 7 days'
134.9421 	EXP 	Fixation: autoDraw = True
135.9256 	EXP 	text: autoDraw = True
135.9323 	EXP 	Fixation: autoDraw = False
136.2445 	EXP 	New trial (rep=0, index=90): {'reward_today': 15, 'future_reward': 20, 'delay': 35}
136.2548 	DATA 	Keypress: l
136.2600 	EXP 	Fixation: autoDraw = False
136.2600 	EXP 	text: autoDraw = False
136.2600 	EXP 	text: height = 0.05
136.2600 	EXP 	text: height = 0.05
136.2600 	EXP 	text: height = 0.05
136.2600 	EXP 	text: text = 'GBP 15 today or GBP 20 after 35 days'
136.2600 	EXP 	Fixation: autoDraw = True
137.2421 	EXP 	text: autoDraw = True
137.2587 	EXP 	Fixation: autoDraw = False
137.6608 	EXP 	New trial (rep=0, index=91): {'reward_today': 39, 'future_reward': 56, 'delay': 51}
137.6710 	DATA 	Keypress: l
137.6761 	EXP 	Fixation: autoDraw = False
137.6761 	EXP 	text: autoDraw = False
137.6761 	EXP 	text: height = 0.05
137.6761 	EXP 	text: height = 0.05
137.6761 	EXP 	text: height = 0.05
137.6761 	EXP 	text: text = 'GBP 39 today or GBP 56 after 51 days'
137.6761 	EXP 	Fixation: autoDraw = True
138.6587 	EXP 	text: autoDraw = True
138.6653 	EXP 	Fixation: autoDraw = False
138.7837 	EXP 	New trial (rep=0, index=92): {'reward_today': 46, 'future_reward': 57, 'delay': 37}
138.7938 	DATA 	Keypress: l
138.7985 	EXP 	Fixation: autoDraw = False
138.7985 	EXP 	text: autoDraw = False
138.7985 	EXP 	text: height = 0.05
138.7985 	EXP 	text: height = 0.05
138.7985 	EXP 	text: height = 0.05
138.7985 	EXP 	text: text = 'GBP 46 today or GBP 57 after 37 days'
138.7985 	EXP 	Fixation: autoDraw = True
139.7755 	EXP 	text: autoDraw = True
139.7921 	EXP 	Fixation: autoDraw = False
140.0338 	EXP 	New trial (rep=0, index=93): {'reward_today': 49, 'future_reward': 60, 'delay': 89}
140.0440 	DATA 	Keypress: l
140.0487 	EXP 	Fixation: autoDraw = False
140.0487 	EXP 	text: autoDraw = False
140.0487 	EXP 	text: height = 0.05
140.0487 	EXP 	text: height = 0.05
140.0487 	EXP 	text: height = 0.05
140.0487 	EXP 	text: text = 'GBP 49 today or GBP 60 after 89 days'
140.0487 	EXP 	Fixation: autoDraw = True
141.0341 	EXP 	text: autoDraw = True
141.0422 	EXP 	Fixation: autoDraw = False
141.4775 	EXP 	New trial (rep=0, index=94): {'reward_today': 29, 'future_reward': 58, 'delay': 78}
141.4873 	DATA 	Keypress: l
141.4924 	EXP 	Fixation: autoDraw = False
141.4924 	EXP 	text: autoDraw = False
141.4924 	EXP 	text: height = 0.05
141.4924 	EXP 	text: height = 0.05
141.4924 	EXP 	text: height = 0.05
141.4924 	EXP 	text: text = 'GBP 29 today or GBP 58 after 78 days'
141.4924 	EXP 	Fixation: autoDraw = True
142.4756 	EXP 	text: autoDraw = True
142.4824 	EXP 	Fixation: autoDraw = False
142.5009 	EXP 	New trial (rep=0, index=95): {'reward_today': 29, 'future_reward': 33, 'delay': 44}
142.5102 	DATA 	Keypress: l
142.5149 	EXP 	Fixation: autoDraw = False
142.5149 	EXP 	text: autoDraw = False
142.5149 	EXP 	text: height = 0.05
142.5149 	EXP 	text: height = 0.05
142.5149 	EXP 	text: height = 0.05
142.5149 	EXP 	text: text = 'GBP 29 today or GBP 33 after 44 days'
142.5149 	EXP 	Fixation: autoDraw = True
143.5021 	EXP 	text: autoDraw = True
143.5093 	EXP 	Fixation: autoDraw = False
143.7447 	EXP 	New trial (rep=0, index=96): {'reward_today': 16, 'future_reward': 70, 'delay': 88}
143.7539 	DATA 	Keypress: l
143.7592 	EXP 	Fixation: autoDraw = False
143.7592 	EXP 	text: autoDraw = False
143.7592 	EXP 	text: height = 0.05
143.7592 	EXP 	text: height = 0.05
143.7592 	EXP 	text: height = 0.05
143.7592 	EXP 	text: text = 'GBP 16 today or GBP 70 after 88 days'
143.7592 	EXP 	Fixation: autoDraw = True
144.7424 	EXP 	text: autoDraw = True
144.7500 	EXP 	Fixation: autoDraw = False
145.0011 	EXP 	New trial (rep=0, index=97): {'reward_today': 39, 'future_reward': 30, 'delay': 99}
145.0112 	DATA 	Keypress: l
145.0162 	EXP 	Fixation: autoDraw = False
145.0162 	EXP 	text: autoDraw = False
145.0162 	EXP 	text: height = 0.05
145.0162 	EXP 	text: height = 0.05
145.0162 	EXP 	text: height = 0.05
145.0162 	EXP 	text: text = 'GBP 39 today or GBP 30 after 99 days'
145.0162 	EXP 	Fixation: autoDraw = True
146.0019 	EXP 	text: autoDraw = True
146.0088 	EXP 	Fixation: autoDraw = False
146.4442 	EXP 	New trial (rep=0, index=98): {'reward_today': 24, 'future_reward': 63, 'delay': 90}
146.4539 	DATA 	Keypress: l
146.4590 	EXP 	Fixation: autoDraw = False
146.4590 	EXP 	text: autoDraw = False
146.4590 	EXP 	text: height = 0.05
146.4590 	EXP 	text: height = 0.05
146.4590 	EXP 	text: height = 0.05
146.4590 	EXP 	text: text = 'GBP 24 today or GBP 63 after 90 days'
146.4590 	EXP 	Fixation: autoDraw = True
147.4424 	EXP 	text: autoDraw = True
147.4495 	EXP 	Fixation: autoDraw = False
147.8346 	EXP 	New trial (rep=0, index=99): {'reward_today': 48, 'future_reward': 70, 'delay': 42}
147.8443 	DATA 	Keypress: l
147.8493 	EXP 	Fixation: autoDraw = False
147.8493 	EXP 	text: autoDraw = False
147.8493 	EXP 	text: height = 0.05
147.8493 	EXP 	text: height = 0.05
147.8493 	EXP 	text: height = 0.05
147.8493 	EXP 	text: text = 'GBP 48 today or GBP 70 after 42 days'
147.8493 	EXP 	Fixation: autoDraw = True
148.8349 	EXP 	text: autoDraw = True
148.8417 	EXP 	Fixation: autoDraw = False
149.7334 	EXP 	Fixation: autoDraw = False
149.7334 	EXP 	text: autoDraw = False
149.7765 	EXP 	window1: mouseVisible = True
